autoscan: warning: missing AC_CHECK_FUNCS([alarm]) wanted by: 
	sshd.c:2230
	sshd.c:2286
	progressmeter.c:245
	progressmeter.c:265
	progressmeter.c:271
autoscan: warning: missing AC_CHECK_FUNCS([clock_gettime]) wanted by: 
	misc.c:1668
	misc.c:1672
	misc.c:1677
autoscan: warning: missing AC_CHECK_FUNCS([dup2]) wanted by: 
	session.c:471
	session.c:477
	session.c:483
	session.c:494
	session.c:496
	session.c:499
	session.c:611
	session.c:613
	session.c:615
	sftp.c:2367
	sftp.c:2368
	sshd.c:2121
	sshd.c:2123
	sshd.c:2128
	sshd.c:2134
	readpass.c:76
	sshconnect2.c:2042
	sshconnect2.c:2045
	sshconnect2.c:2050
	misc.c:1479
	misc.c:2609
	misc.c:2610
	misc.c:2611
	misc.c:2726
	misc.c:2737
	misc.c:2761
	ssh-pkcs11-client.c:293
	ssh-pkcs11-client.c:294
	scp.c:318
	scp.c:319
	scp.c:328
	scp.c:329
	scp.c:397
	scp.c:399
	monitor.c:1570
	ssh-sk-client.c:87
	ssh-sk-client.c:88
	sshconnect.c:139
	sshconnect.c:143
	sshconnect.c:222
	sshconnect.c:227
	openbsd-compat/daemon.c:72
	openbsd-compat/daemon.c:73
	openbsd-compat/daemon.c:74
autoscan: warning: missing AC_CHECK_FUNCS([endpwent]) wanted by: 
	session.c:1493
	sshd.c:1834
	openbsd-compat/xcrypt.c:93
autoscan: warning: missing AC_CHECK_FUNCS([floor]) wanted by: 
	xmss_fast.c:123
	xmss_fast.c:132
autoscan: warning: missing AC_CHECK_FUNCS([ftruncate]) wanted by: 
	sftp-client.c:1816
	scp.c:1916
	loginrec.c:1105
	loginrec.c:1278
	sftp-server.c:1054
	openbsd-compat/openbsd-compat.h:69
	openbsd-compat/bsd-misc.c:232
autoscan: warning: missing AC_CHECK_FUNCS([getdelim]) wanted by: 
	openbsd-compat/bsd-getline.c:50
	openbsd-compat/bsd-getline.c:95
autoscan: warning: missing AC_CHECK_FUNCS([gethostbyaddr]) wanted by: 
	openbsd-compat/fake-rfc2553.c:70
autoscan: warning: missing AC_CHECK_FUNCS([gethostbyname]) wanted by: 
	session.c:2626
	logintest.c:115
	openbsd-compat/fake-rfc2553.c:209
autoscan: warning: missing AC_CHECK_FUNCS([gethostname]) wanted by: 
	session.c:2607
	canohost.c:146
	gss-serv.c:108
	ssh.c:1373
	ssh-keygen.c:3378
	readconf.c:686
autoscan: warning: missing AC_CHECK_FUNCS([getpass]) wanted by: 
	openbsd-compat/readpassphrase.c:198
autoscan: warning: missing AC_CHECK_FUNCS([getspnam]) wanted by: 
	auth-shadow.c:95
	platform.c:214
	openbsd-compat/xcrypt.c:134
autoscan: warning: missing AC_CHECK_FUNCS([isascii]) wanted by: 
	sshbuf-misc.c:56
	regress/unittests/test_helper/fuzz.c:173
	openbsd-compat/inet_aton.c:113
	openbsd-compat/inet_aton.c:116
	openbsd-compat/inet_aton.c:140
	openbsd-compat/vis.c:48
	openbsd-compat/fmt_scaled.c:84
	openbsd-compat/fmt_scaled.c:111
autoscan: warning: missing AC_CHECK_FUNCS([memchr]) wanted by: 
	hostfile.c:85
	sshbuf-getput-basic.c:285
	kex.c:559
	kex.c:570
	channels.c:1444
	channels.c:1462
	sshbuf-misc.c:224
	openbsd-compat/memmem.c:185
autoscan: warning: missing AC_CHECK_FUNCS([memset]) wanted by: 
	ssh-keyscan.c:370
	ssh-keyscan.c:514
	session.c:748
	session.c:1727
	sftp-client.c:429
	sftp-client.c:658
	sftp-usergroup.c:82
	sftp.c:641
	sftp.c:733
	sftp.c:888
	sftp.c:960
	sftp.c:1556
	sftp.c:1998
	sftp.c:2280
	sftp.c:2440
	cipher-chachapoly-libcrypto.c:97
	cipher-chachapoly-libcrypto.c:99
	cipher-chachapoly-libcrypto.c:157
	hostfile.c:609
	hostfile.c:772
	hostfile.c:782
	canohost.c:55
	canohost.c:80
	canohost.c:168
	auth-pam.c:610
	sshd.c:1105
	sshd.c:1418
	ssh-pkcs11-helper.c:363
	bitmap.c:67
	addr.c:75
	addr.c:87
	addr.c:115
	addr.c:174
	addr.c:380
	addr.c:409
	auth.c:619
	auth.c:659
	auth.c:683
	auth.c:705
	umac.c:231
	umac.c:965
	serverloop.c:772
	authfd.c:95
	ed25519.c:2021
	ed25519.c:2028
	ssh-add.c:677
	sftp-common.c:88
	sandbox-seccomp-filter.c:475
	ssh-pkcs11.c:375
	ssh-pkcs11.c:397
	ssh-pkcs11.c:715
	ssh-pkcs11.c:836
	ssh-pkcs11.c:938
	ssh-pkcs11.c:1119
	ssh-pkcs11.c:1120
	ssh-pkcs11.c:1147
	ssh-pkcs11.c:1148
	ssh-pkcs11.c:1223
	ssh-pkcs11.c:1224
	ssh-pkcs11.c:1252
	ssh-pkcs11.c:1253
	sftp-glob.c:77
	sftp-glob.c:151
	sshconnect2.c:445
	sshconnect2.c:1811
	ssh.c:266
	ssh.c:312
	ssh.c:343
	ssh.c:2250
	ssh.c:2251
	ssh.c:2252
	ssh.c:2254
	ssh.c:2255
	ssh.c:2256
	sk-usbhid.c:401
	sk-usbhid.c:668
	sk-usbhid.c:789
	sk-usbhid.c:862
	ssh-keygen.c:1327
	ssh-keygen.c:2808
	servconf.c:90
	servconf.c:810
	servconf.c:846
	misc.c:255
	misc.c:1877
	misc.c:2440
	misc.c:2585
	hmac.c:188
	hmac.c:189
	clientloop.c:820
	clientloop.c:2556
	ssh-agent.c:204
	ssh-agent.c:961
	ssh-agent.c:1018
	krl.c:256
	krl.c:1224
	krl.c:1239
	krl.c:1259
	krl.c:1269
	krl.c:1281
	dns.c:179
	monitor_fdpass.c:68
	monitor_fdpass.c:73
	monitor_fdpass.c:129
	monitor_fdpass.c:138
	sandbox-systrace.c:163
	kexsm2.c:164
	kexsm2.c:329
	sshkey.c:1044
	mux.c:665
	mux.c:691
	mux.c:714
	mux.c:857
	mux.c:880
	mux.c:2261
	scp.c:497
	scp.c:498
	scp.c:1041
	scp.c:1229
	scp.c:1332
	scp.c:1459
	scp.c:1465
	scp.c:1548
	scp.c:1983
	readconf.c:1883
	readconf.c:2326
	readconf.c:2364
	readconf.c:2366
	readconf.c:2696
	readconf.c:2889
	readconf.c:2890
	monitor.c:284
	monitor.c:476
	monitor.c:1518
	sshsig.c:397
	sshsig.c:499
	moduli.c:412
	logintest.c:227
	logintest.c:228
	logintest.c:229
	loginrec.c:307
	loginrec.c:378
	loginrec.c:569
	loginrec.c:583
	loginrec.c:604
	loginrec.c:657
	loginrec.c:747
	loginrec.c:1545
	loginrec.c:1578
	loginrec.c:1603
	loginrec.c:1692
	sftp-server.c:2037
	packet.c:390
	packet.c:450
	packet.c:455
	packet.c:1308
	packet.c:2616
	cipher-chachapoly.c:82
	channels.c:578
	channels.c:2445
	channels.c:3759
	channels.c:4590
	channels.c:4622
	channels.c:4633
	channels.c:4671
	channels.c:4785
	channels.c:4917
	channels.c:4957
	channels.c:5050
	channels.c:5177
	cipher-aes.c:122
	cipher-aes.c:147
	sshconnect.c:377
	sshconnect.c:457
	sshconnect.c:458
	sshbuf-misc.c:293
	regress/netcat.c:340
	regress/netcat.c:368
	regress/netcat.c:536
	regress/netcat.c:572
	regress/netcat.c:643
	regress/netcat.c:1021
	regress/netcat.c:1026
	regress/unittests/bitmap/tests.c:86
	regress/unittests/sshbuf/test_sshbuf.c:175
	regress/unittests/sshbuf/test_sshbuf.c:195
	regress/unittests/sshbuf/test_sshbuf.c:235
	regress/unittests/sshbuf/test_sshbuf_fuzz.c:67
	regress/unittests/hostkeys/test_iterate.c:899
	regress/unittests/hostkeys/test_iterate.c:910
	regress/unittests/hostkeys/test_iterate.c:921
	regress/unittests/hostkeys/test_iterate.c:933
	regress/unittests/hostkeys/test_iterate.c:945
	regress/unittests/hostkeys/test_iterate.c:957
	regress/unittests/hostkeys/test_iterate.c:969
	regress/unittests/hostkeys/test_iterate.c:980
	regress/unittests/hostkeys/test_iterate.c:991
	regress/unittests/hostkeys/test_iterate.c:1003
	regress/unittests/hostkeys/test_iterate.c:1016
	regress/unittests/hostkeys/test_iterate.c:1028
	regress/unittests/hostkeys/test_iterate.c:1041
	regress/unittests/hostkeys/test_iterate.c:1053
	regress/unittests/hostkeys/test_iterate.c:1064
	regress/unittests/hostkeys/test_iterate.c:1077
	regress/unittests/hostkeys/test_iterate.c:1091
	regress/unittests/hostkeys/test_iterate.c:1104
	regress/misc/fuzz-harness/kex_fuzz.cc:435
	regress/misc/sk-dummy/sk-dummy.c:167
	regress/misc/sk-dummy/sk-dummy.c:173
	regress/misc/sk-dummy/sk-dummy.c:199
	regress/misc/sk-dummy/sk-dummy.c:200
	contrib/gnome-ssh-askpass2.c:118
	contrib/gnome-ssh-askpass2.c:280
	contrib/gnome-ssh-askpass2.c:287
	contrib/gnome-ssh-askpass2.c:289
	contrib/gnome-ssh-askpass1.c:134
	contrib/gnome-ssh-askpass3.c:102
	contrib/gnome-ssh-askpass3.c:249
	contrib/gnome-ssh-askpass3.c:256
	contrib/gnome-ssh-askpass3.c:258
	openbsd-compat/md5.c:135
	openbsd-compat/recallocarray.c:68
	openbsd-compat/recallocarray.c:79
	openbsd-compat/bsd-statvfs.c:63
	openbsd-compat/bsd-statvfs.c:81
	openbsd-compat/sha2.c:320
	openbsd-compat/sha2.c:358
	openbsd-compat/sha2.c:581
	openbsd-compat/sha2.c:585
	openbsd-compat/sha2.c:592
	openbsd-compat/sha2.c:596
	openbsd-compat/sha2.c:638
	openbsd-compat/sha2.c:862
	openbsd-compat/sha2.c:865
	openbsd-compat/sha2.c:871
	openbsd-compat/sha2.c:875
	openbsd-compat/sha2.c:920
	openbsd-compat/sha2.c:977
	openbsd-compat/readpassphrase.c:104
	openbsd-compat/readpassphrase.c:106
	openbsd-compat/bsd-misc.c:394
	openbsd-compat/rresvport.c:66
	openbsd-compat/inet_ntop.c:128
	openbsd-compat/bindresvport.c:66
	openbsd-compat/bindresvport.c:74
	openbsd-compat/fake-rfc2553.c:132
	openbsd-compat/port-prngd.c:78
	openbsd-compat/arc4random.h:59
	openbsd-compat/explicit_bzero.c:56
	openbsd-compat/arc4random.c:127
	openbsd-compat/arc4random.c:151
	openbsd-compat/arc4random.c:166
	openbsd-compat/arc4random.c:184
	openbsd-compat/arc4random.c:204
	openbsd-compat/regress/snprintftest.c:62
autoscan: warning: missing AC_CHECK_FUNCS([mkdir]) wanted by: 
	sftp-client.c:1905
	sftp.c:1685
	hostfile.c:496
	scp.c:1596
	scp.c:1840
	sftp-server.c:1217
	openbsd-compat/mktemp.c:110
autoscan: warning: missing AC_CHECK_FUNCS([munmap]) wanted by: 
	openbsd-compat/arc4random.h:73
autoscan: warning: missing AC_CHECK_FUNCS([pathconf]) wanted by: 
	openbsd-compat/bsd-cygwin_util.c:61
autoscan: warning: missing AC_CHECK_FUNCS([putenv]) wanted by: 
	openbsd-compat/setenv.c:86
autoscan: warning: missing AC_CHECK_FUNCS([rmdir]) wanted by: 
	session.c:177
	session.c:235
	clientloop.c:348
	clientloop.c:414
	ssh-agent.c:1953
	sftp-server.c:1234
autoscan: warning: missing AC_CHECK_FUNCS([select]) wanted by: 
	smult_curve25519_ref.c:110
	smult_curve25519_ref.c:155
	smult_curve25519_ref.c:174
	openbsd-compat/bsd-misc.c:251
	openbsd-compat/bsd-misc.c:308
	openbsd-compat/bsd-pselect.c:168
	openbsd-compat/bsd-pselect.c:196
autoscan: warning: missing AC_CHECK_FUNCS([setlocale]) wanted by: 
	utf8.c:347
	utf8.c:348
	utf8.c:350
	utf8.c:354
	regress/unittests/utf8/tests.c:62
	regress/unittests/utf8/tests.c:84
autoscan: warning: missing AC_CHECK_FUNCS([socket]) wanted by: 
	ssh-keyscan.c:378
	sshd.c:1041
	authfd.c:99
	misc.c:1430
	misc.c:1886
	mux.c:2269
	channels.c:3806
	channels.c:4551
	channels.c:4971
	channels.c:5047
	channels.c:5188
	sshconnect.c:361
	regress/netcat.c:532
	regress/netcat.c:567
	regress/netcat.c:626
	regress/netcat.c:738
	openbsd-compat/port-net.c:87
	openbsd-compat/port-net.c:268
	openbsd-compat/rresvport.c:84
	openbsd-compat/port-prngd.c:98
autoscan: warning: missing AC_CHECK_FUNCS([strcasecmp]) wanted by: 
	session.c:1389
	session.c:1432
	sftp.c:1364
	digest-libc.c:143
	sshd.c:1769
	sshd.c:1786
	sshd.c:1791
	auth.c:122
	readpass.c:133
	readpass.c:136
	readpass.c:138
	readpass.c:217
	log.c:124
	log.c:147
	ssh.c:437
	ssh.c:493
	ssh.c:566
	ssh.c:780
	ssh.c:785
	ssh.c:788
	ssh.c:797
	ssh.c:798
	ssh.c:799
	ssh.c:800
	ssh.c:801
	ssh.c:802
	ssh.c:803
	ssh.c:1344
	ssh.c:1440
	ssh.c:1450
	ssh.c:2281
	ssh-keygen.c:2016
	ssh-keygen.c:2018
	ssh-keygen.c:2020
	ssh-keygen.c:2022
	ssh-keygen.c:2024
	ssh-keygen.c:2026
	ssh-keygen.c:2028
	ssh-keygen.c:2030
	ssh-keygen.c:2032
	ssh-keygen.c:2034
	ssh-keygen.c:2036
	ssh-keygen.c:2038
	ssh-keygen.c:2040
	ssh-keygen.c:2042
	ssh-keygen.c:2044
	ssh-keygen.c:2448
	ssh-keygen.c:2691
	ssh-keygen.c:3427
	ssh-keygen.c:3428
	ssh-keygen.c:3432
	ssh-keygen.c:3437
	ssh-keygen.c:3814
	ssh-keygen.c:3816
	ssh-keygen.c:3818
	servconf.c:207
	servconf.c:468
	servconf.c:736
	servconf.c:751
	servconf.c:1124
	servconf.c:1142
	servconf.c:1154
	servconf.c:1167
	servconf.c:1179
	servconf.c:1201
	servconf.c:1226
	servconf.c:1245
	servconf.c:1488
	servconf.c:1610
	servconf.c:1612
	servconf.c:1614
	servconf.c:1813
	servconf.c:2348
	servconf.c:2390
	servconf.c:2402
	servconf.c:2507
	servconf.c:2524
	servconf.c:2546
	misc.c:524
	misc.c:1840
	misc.c:2409
	misc.c:2412
	clientloop.c:2113
	clientloop.c:2116
	ssh-agent.c:1228
	ssh-sk.c:125
	sshkey.c:263
	readconf.c:622
	readconf.c:639
	readconf.c:640
	readconf.c:645
	readconf.c:663
	readconf.c:668
	readconf.c:673
	readconf.c:678
	readconf.c:683
	readconf.c:919
	readconf.c:1050
	readconf.c:1268
	readconf.c:1503
	readconf.c:1575
	readconf.c:1576
	readconf.c:1985
	readconf.c:2020
	readconf.c:2299
	readconf.c:2310
	readconf.c:3041
	readconf.c:3065
	digest-openssl.c:86
	auth2-hostbased.c:199
	platform.c:180
	sftp-server.c:1922
	auth2-pubkey.c:768
	auth-rhosts.c:157
	sshconnect.c:582
	sshconnect.c:584
	regress/modpipe.c:60
	regress/modpipe.c:67
	regress/netcat.c:184
	regress/check-perm.c:171
	regress/check-perm.c:173
	contrib/gnome-ssh-askpass2.c:330
	contrib/gnome-ssh-askpass2.c:332
	contrib/gnome-ssh-askpass3.c:294
	contrib/gnome-ssh-askpass3.c:296
autoscan: warning: missing AC_CHECK_FUNCS([strchr]) wanted by: 
	ssh-keyscan.c:861
	session.c:866
	session.c:1105
	session.c:1155
	session.c:1323
	sftp.c:611
	sftp.c:2632
	auth2.c:276
	auth2.c:564
	auth2.c:833
	hostfile.c:191
	hostfile.c:192
	sftp-realpath.c:114
	addr.c:467
	match.c:244
	match.c:250
	match.c:254
	ssh-add.c:679
	ssh-add.c:744
	auth2-pubkeyfile.c:243
	sshconnect2.c:116
	ssh.c:297
	ssh.c:297
	ssh.c:1268
	kex.c:950
	kex.c:952
	ssh-keygen.c:1964
	ssh-keygen.c:1982
	ssh-keygen.c:2064
	ssh-keygen.c:2065
	ssh-keygen.c:3143
	ssh-keygen.c:3144
	servconf.c:975
	servconf.c:1353
	servconf.c:1446
	servconf.c:1446
	servconf.c:1447
	servconf.c:2091
	servconf.c:2105
	servconf.c:2284
	servconf.c:2381
	servconf.c:2385
	misc.c:513
	misc.c:695
	misc.c:994
	misc.c:999
	misc.c:1022
	misc.c:1160
	misc.c:1263
	misc.c:1308
	misc.c:2267
	misc.c:2817
	auth-options.c:265
	auth-options.c:408
	clientloop.c:275
	clientloop.c:1910
	clientloop.c:1910
	clientloop.c:1913
	clientloop.c:1916
	clientloop.c:1956
	clientloop.c:2582
	clientloop.c:2607
	mux.c:247
	scp.c:1397
	scp.c:1794
	readconf.c:971
	readconf.c:1731
	readconf.c:1752
	readconf.c:2032
	readconf.c:3035
	readconf.c:3463
	sftp-server.c:2002
	ssh-ecdsa-sk.c:187
	channels.c:5160
	channels.c:5237
	channels.c:5239
	regress/netcat.c:1108
	regress/netcat.c:1619
	regress/check-perm.c:51
	regress/misc/fuzz-harness/authkeys_fuzz.cc:54
	openbsd-compat/getopt_long.c:202
	openbsd-compat/getopt_long.c:363
	openbsd-compat/getopt_long.c:428
	openbsd-compat/getopt_long.c:441
	openbsd-compat/base64.c:212
	openbsd-compat/fnmatch.c:118
	openbsd-compat/fnmatch.c:339
	openbsd-compat/fnmatch.c:341
	openbsd-compat/fnmatch.c:343
autoscan: warning: missing AC_CHECK_FUNCS([strcspn]) wanted by: 
	ssh-keyscan.c:182
	session.c:864
	sftp.c:2317
	hostfile.c:778
	hostfile.c:881
	authfile.c:242
	readpass.c:107
	ssh-add.c:145
	auth2-chall.c:163
	ssh.c:1376
	ssh-keygen.c:317
	ssh-keygen.c:981
	ssh-keygen.c:1192
	ssh-keygen.c:1587
	sshlogin.c:118
	sshkey.c:921
	sshkey.c:1201
	sshkey.c:1218
	readconf.c:689
	sshconnect.c:581
	sshconnect.c:967
	regress/netcat.c:1615
autoscan: warning: missing AC_CHECK_FUNCS([strncasecmp]) wanted by: 
	sftp.c:1909
	sftp.c:1966
	ssh-keysign.c:139
	sk-usbhid.c:1331
	ssh-keygen.c:1503
	ssh-keygen.c:2046
	ssh-keygen.c:2053
	ssh-keygen.c:2062
	ssh-keygen.c:2063
	ssh-keygen.c:2320
	ssh-keygen.c:2356
	ssh-keygen.c:2365
	ssh-keygen.c:2373
	ssh-keygen.c:2377
	ssh-keygen.c:2381
	ssh-keygen.c:2681
	ssh-keygen.c:2684
	ssh-keygen.c:3723
	ssh-keygen.c:3820
	ssh-keygen.c:3822
	ssh-keygen.c:3824
	ssh-keygen.c:3831
	ssh-keygen.c:3834
	misc.c:2498
	misc.c:2502
	misc.c:2545
	utf8.c:339
	openbsd-compat/strptime.c:176
	openbsd-compat/strptime.c:181
	openbsd-compat/strptime.c:200
	openbsd-compat/strptime.c:205
	openbsd-compat/strptime.c:276
	openbsd-compat/strptime.c:287
	openbsd-compat/strcasestr.c:62
autoscan: warning: missing AC_CHECK_FUNCS([strpbrk]) wanted by: 
	sftp-client.c:805
	misc.c:408
	misc.c:416
	misc.c:699
autoscan: warning: missing AC_CHECK_FUNCS([strrchr]) wanted by: 
	session.c:1673
	session.c:2546
	sftp-client.c:1586
	hostfile.c:482
	sftp-realpath.c:144
	sftp-realpath.c:183
	auth2-pubkeyfile.c:193
	auth2-pubkeyfile.c:194
	log.c:473
	ssh.c:1086
	ssh-keygen.c:1891
	misc.c:803
	misc.c:861
	scp.c:984
	scp.c:1423
	scp.c:1500
	readconf.c:3043
	readconf.c:3074
	channels.c:5083
	channels.c:5141
	regress/unittests/test_helper/test_helper.c:139
	openbsd-compat/bsd-misc.c:54
	openbsd-compat/xcrypt.c:85
autoscan: warning: missing AC_CHECK_FUNCS([strspn]) wanted by: 
	sftp.c:1335
	sftp.c:1353
	sftp.c:1477
	hostfile.c:894
	ssh-add.c:146
	ssh.c:298
	ssh-keygen.c:983
	ssh-keygen.c:2200
	ssh-keygen.c:2302
	ssh-keygen.c:2326
	ssh-keygen.c:2362
	ssh-keygen.c:2367
	ssh-keygen.c:2375
	ssh-keygen.c:2379
	ssh-keygen.c:2383
	servconf.c:2316
	servconf.c:2380
	servconf.c:2401
	servconf.c:2622
	misc.c:420
	misc.c:431
	misc.c:433
	misc.c:1153
	misc.c:1163
	scp.c:1312
	readconf.c:990
	readconf.c:1338
	readconf.c:1350
	readconf.c:3464
	sshsig.c:738
	moduli.c:662
	addrmatch.c:142
	sshconnect.c:580
autoscan: warning: missing AC_CHECK_FUNCS([strstr]) wanted by: 
	session.c:956
	ssh-keygen.c:524
	ssh-keygen.c:526
	ssh-keygen.c:666
	ssh-keygen.c:667
	ssh-keygen.c:669
	ssh-keygen.c:998
	ssh-keygen.c:3143
	platform.c:240
	regress/unittests/sshbuf/test_sshbuf_misc.c:47
autoscan: warning: missing AC_CHECK_FUNCS([strtol]) wanted by: 
	sftp.c:2497
	sftp.c:2536
	ssh-keygen.c:1011
	servconf.c:2469
	misc.c:576
	misc.c:1844
	scp.c:1741
	scp.c:1753
	readconf.c:2079
	sftp-server.c:1975
	regress/netcat.c:287
	openbsd-compat/bsd-closefrom.c:141
	openbsd-compat/fake-rfc2553.c:172
autoscan: warning: missing AC_CHECK_FUNCS([utime]) wanted by: 
	openbsd-compat/bsd-misc.c:117
autoscan: warning: missing AC_CHECK_HEADERS([arpa/inet.h]) wanted by: 
	ssh-keyscan.c:20
	session.c:46
	canohost.c:22
	addr.c:24
	ssh.c:74
	misc.c:50
	readconf.c:26
	addrmatch.c:24
	packet.c:51
	channels.c:54
	sshconnect.c:28
	regress/netcat.c:1379
	openbsd-compat/inet_aton.c:60
	openbsd-compat/base64.c:54
	openbsd-compat/port-net.c:23
	openbsd-compat/rresvport.c:42
	openbsd-compat/inet_ntop.c:28
	openbsd-compat/bindresvport.c:40
	openbsd-compat/inet_ntoa.c:43
	openbsd-compat/fake-rfc2553.c:44
	openbsd-compat/port-prngd.c:34
	openbsd-compat/getrrsetbyname.c:56
autoscan: warning: missing AC_CHECK_HEADERS([netinet/in.h]) wanted by: 
	ssh-keyscan.c:19
	hostfile.c:44
	canohost.c:21
	addr.h:23
	addr.c:23
	auth.c:33
	serverloop.c:47
	ssh.c:73
	servconf.c:23
	misc.c:46
	sshlogin.c:47
	includes.h:111
	sshkey.c:31
	readconf.c:23
	logintest.c:36
	addrmatch.c:23
	loginrec.c:157
	packet.c:49
	channels.c:53
	sshconnect.c:27
	sshbuf-misc.c:22
	regress/netcat.c:42
	regress/netcat.c:1378
	openbsd-compat/inet_aton.c:59
	openbsd-compat/base64.c:53
	openbsd-compat/port-net.c:22
	openbsd-compat/rresvport.c:41
	openbsd-compat/getrrsetbyname.h:56
	openbsd-compat/inet_ntop.c:27
	openbsd-compat/bindresvport.c:39
	openbsd-compat/inet_ntoa.c:42
	openbsd-compat/fake-rfc2553.c:43
	openbsd-compat/port-prngd.c:33
	openbsd-compat/getrrsetbyname.c:55
autoscan: warning: missing AC_CHECK_HEADERS([sys/ioctl.h]) wanted by: 
	sftp.c:21
	sandbox-pledge.c:23
	sshd.c:48
	ssh.c:50
	misc.c:24
	progressmeter.c:29
	clientloop.c:65
	sandbox-systrace.c:23
	sshpty.c:18
	channels.c:46
	openbsd-compat/bsd-openpty.c:46
	openbsd-compat/openbsd-compat.h:241
	openbsd-compat/port-net.c:20
autoscan: warning: missing AC_CHECK_HEADERS([sys/socket.h]) wanted by: 
	session.c:42
	sftp.c:25
	canohost.c:18
	sandbox-pledge.c:25
	addr.h:22
	sshd.c:49
	addr.c:22
	auth.c:30
	serverloop.c:42
	authfd.c:42
	sshconnect2.c:30
	ssh.c:51
	ssh-keygen.c:18
	servconf.c:17
	misc.c:25
	ssh-pkcs11-client.c:27
	clientloop.c:72
	ssh-agent.c:42
	nchan.c:29
	dns.c:31
	monitor_fdpass.c:30
	sandbox-systrace.c:25
	sshlogin.c:45
	includes.h:26
	mux.c:24
	readconf.c:19
	monitor.c:31
	logintest.c:34
	addrmatch.c:22
	loginrec.c:152
	ssh-sk-client.c:21
	srclimit.c:19
	packet.c:44
	channels.c:48
	sshconnect.c:21
	sshbuf-misc.c:21
	misc.h:20
	regress/netcat.c:37
	regress/netcat.c:1377
	openbsd-compat/openbsd-compat.h:35
	openbsd-compat/openbsd-compat.h:370
	openbsd-compat/base64.c:52
	openbsd-compat/port-net.c:201
	openbsd-compat/rresvport.c:39
	openbsd-compat/kludge-fd_set.c:18
	openbsd-compat/bsd-getpeereid.c:22
	openbsd-compat/inet_ntop.c:26
	openbsd-compat/port-aix.c:49
	openbsd-compat/bindresvport.c:37
	openbsd-compat/port-aix.h:30
	openbsd-compat/port-prngd.c:28
autoscan: warning: missing AC_CHECK_HEADERS([sys/statfs.h]) wanted by: 
	openbsd-compat/bsd-statvfs.h:27
autoscan: warning: missing AC_CHECK_HEADERS([syslog.h]) wanted by: 
	log.c:46
autoscan: warning: missing AC_CHECK_HEADERS([termios.h]) wanted by: 
	clientloop.h:38
	sshtty.c:42
	ttymodes.c:52
	serverloop.c:58
	sshpty.h:17
	clientloop.c:87
	includes.h:82
	sshpty.c:32
	packet.h:19
	channels.c:70
	openbsd-compat/readpassphrase.c:30
autoscan: warning: missing AC_CHECK_HEADER_STDBOOL wanted by: 
	sk-usbhid.c:385
	sk-usbhid.c:443
	openbsd-compat/getrrsetbyname-ldns.c:106
	openbsd-compat/getrrsetbyname-ldns.c:109
autoscan: warning: missing AC_CHECK_TYPES([ptrdiff_t]) wanted by: 
	sftp-realpath.c:116
	sftp-realpath.c:196
	umac.c:648
	umac.c:1016
	umac.c:1229
autoscan: warning: missing AC_FUNC_CHOWN wanted by: 
	sshpty.c:90
	sshpty.c:194
	sftp-server.c:1025
	sftp-server.c:1089
	openbsd-compat/bsd-misc.c:177
autoscan: warning: missing AC_FUNC_ERROR_AT_LINE wanted by: 
	ssh-keyscan.c:374
	ssh-keyscan.c:380
	ssh-keyscan.c:387
	ssh-keyscan.c:494
	ssh-keyscan.c:499
	ssh-keyscan.c:529
	ssh-keyscan.c:534
	ssh-keyscan.c:541
	ssh-keyscan.c:546
	ssh-keyscan.c:582
	ssh-keyscan.c:623
	ssh-keyscan.c:683
	session.c:190
	session.c:463
	session.c:612
	session.c:614
	session.c:616
	session.c:1373
	session.c:1646
	session.c:1801
	session.c:1879
	session.c:1933
	session.c:2004
	session.c:2022
	session.c:2296
	session.c:2565
	session.c:2628
	sftp-client.c:331
	sftp-client.c:373
	sftp-client.c:421
	sftp-client.c:485
	sftp-client.c:625
	sftp-client.c:690
	sftp-client.c:768
	sftp-client.c:806
	sftp-client.c:872
	sftp-client.c:889
	sftp-client.c:907
	sftp-client.c:978
	sftp-client.c:997
	sftp-client.c:1050
	sftp-client.c:1112
	sftp-client.c:1125
	sftp-client.c:1202
	sftp-client.c:1254
	sftp-client.c:1268
	sftp-client.c:1292
	sftp-client.c:1306
	sftp-client.c:1328
	sftp-client.c:1361
	sftp-client.c:1398
	sftp-client.c:1434
	sftp-client.c:1464
	sftp-client.c:1494
	sftp-client.c:1514
	sftp-client.c:1628
	sftp-client.c:1647
	sftp-client.c:1653
	sftp-client.c:1658
	sftp-client.c:1662
	sftp-client.c:1812
	sftp-client.c:1817
	sftp-client.c:1821
	sftp-client.c:1825
	sftp-client.c:1840
	sftp-client.c:1849
	sftp-client.c:1857
	sftp-client.c:1879
	sftp-client.c:1887
	sftp-client.c:1891
	sftp-client.c:1906
	sftp-client.c:1911
	sftp-client.c:1944
	sftp-client.c:1962
	sftp-client.c:1970
	sftp-client.c:1987
	sftp-client.c:2022
	sftp-client.c:2026
	sftp-client.c:2031
	sftp-client.c:2051
	sftp-client.c:2172
	sftp-client.c:2185
	sftp-client.c:2220
	sftp-client.c:2225
	sftp-client.c:2229
	sftp-client.c:2254
	sftp-client.c:2261
	sftp-client.c:2292
	sftp-client.c:2317
	sftp-client.c:2421
	sftp-client.c:2602
	sftp-client.c:2607
	sftp-client.c:2613
	sftp-client.c:2653
	sftp-client.c:2659
	sftp-client.c:2663
	sftp-client.c:2692
	sftp-client.c:2699
	sftp-client.c:2730
	sftp-client.c:2758
	sftp-client.c:2826
	sftp.c:354
	sftp.c:356
	sftp.c:422
	sftp.c:446
	sftp.c:470
	sftp.c:523
	sftp.c:550
	sftp.c:574
	sftp.c:594
	sftp.c:646
	sftp.c:648
	sftp.c:659
	sftp.c:668
	sftp.c:736
	sftp.c:747
	sftp.c:756
	sftp.c:762
	sftp.c:969
	sftp.c:971
	sftp.c:1027
	sftp.c:1188
	sftp.c:1199
	sftp.c:1286
	sftp.c:1375
	sftp.c:1394
	sftp.c:1423
	sftp.c:1447
	sftp.c:1498
	sftp.c:1507
	sftp.c:1636
	sftp.c:1642
	sftp.c:1679
	sftp.c:1686
	sftp.c:1731
	sftp.c:1762
	auth2.c:558
	auth2.c:571
	auth2.c:581
	auth2.c:631
	hostfile.c:491
	hostfile.c:497
	hostfile.c:530
	authfile.c:105
	authfile.c:106
	authfile.c:107
	authfile.c:108
	authfile.c:110
	authfile.c:111
	canohost.c:171
	auth-pam.c:201
	auth-pam.c:379
	auth-pam.c:408
	auth-pam.c:501
	auth-pam.c:814
	auth-pam.c:823
	auth-pam.c:831
	auth-pam.c:937
	auth-pam.c:998
	auth-pam.c:1223
	sshd.c:873
	sshd.c:879
	sshd.c:1036
	sshd.c:1073
	sshd.c:1206
	sshd.c:1256
	sshd.c:1280
	sshd.c:1368
	sshd.c:1882
	sshd.c:1963
	sshd.c:1977
	sshd.c:2069
	sshd.c:2094
	sshd.c:2116
	sshd.c:2142
	sshd.c:2188
	ssh-pkcs11-helper.c:269
	ssh-pkcs11-helper.c:292
	ssh-pkcs11-helper.c:297
	ssh-pkcs11-helper.c:302
	ssh-pkcs11-helper.c:394
	ssh-pkcs11-helper.c:404
	ttymodes.c:384
	ttymodes.c:392
	auth.c:338
	auth.c:449
	auth.c:548
	auth.c:833
	ssh-add.c:398
	ssh-add.c:607
	auth2-pubkeyfile.c:123
	auth2-pubkeyfile.c:390
	ssh-pkcs11.c:122
	ssh-pkcs11.c:125
	ssh-pkcs11.c:228
	ssh-pkcs11.c:238
	ssh-pkcs11.c:250
	ssh-pkcs11.c:255
	ssh-pkcs11.c:281
	ssh-pkcs11.c:284
	ssh-pkcs11.c:287
	ssh-pkcs11.c:290
	ssh-pkcs11.c:301
	ssh-pkcs11.c:323
	ssh-pkcs11.c:336
	ssh-pkcs11.c:360
	ssh-pkcs11.c:369
	ssh-pkcs11.c:393
	ssh-pkcs11.c:403
	ssh-pkcs11.c:412
	ssh-pkcs11.c:433
	ssh-pkcs11.c:438
	ssh-pkcs11.c:451
	ssh-pkcs11.c:531
	ssh-pkcs11.c:544
	ssh-pkcs11.c:553
	ssh-pkcs11.c:662
	ssh-pkcs11.c:667
	ssh-pkcs11.c:673
	ssh-pkcs11.c:678
	ssh-pkcs11.c:726
	ssh-pkcs11.c:737
	ssh-pkcs11.c:749
	ssh-pkcs11.c:755
	ssh-pkcs11.c:772
	ssh-pkcs11.c:790
	ssh-pkcs11.c:799
	ssh-pkcs11.c:847
	ssh-pkcs11.c:858
	ssh-pkcs11.c:870
	ssh-pkcs11.c:876
	ssh-pkcs11.c:883
	ssh-pkcs11.c:895
	ssh-pkcs11.c:949
	ssh-pkcs11.c:960
	ssh-pkcs11.c:972
	ssh-pkcs11.c:986
	ssh-pkcs11.c:991
	ssh-pkcs11.c:997
	ssh-pkcs11.c:1001
	ssh-pkcs11.c:1010
	ssh-pkcs11.c:1021
	ssh-pkcs11.c:1025
	ssh-pkcs11.c:1031
	ssh-pkcs11.c:1040
	ssh-pkcs11.c:1051
	ssh-pkcs11.c:1132
	ssh-pkcs11.c:1141
	ssh-pkcs11.c:1155
	ssh-pkcs11.c:1165
	ssh-pkcs11.c:1170
	ssh-pkcs11.c:1197
	ssh-pkcs11.c:1236
	ssh-pkcs11.c:1246
	ssh-pkcs11.c:1263
	ssh-pkcs11.c:1281
	ssh-pkcs11.c:1285
	ssh-pkcs11.c:1311
	ssh-pkcs11.c:1537
	ssh-pkcs11.c:1541
	ssh-pkcs11.c:1549
	ssh-pkcs11.c:1555
	ssh-pkcs11.c:1561
	ssh-pkcs11.c:1577
	ssh-pkcs11.c:1588
	ssh-pkcs11.c:1599
	ssh-pkcs11.c:1634
	ssh-pkcs11.c:1651
	ssh-pkcs11.c:1870
	ssh-pkcs11.c:1878
	ssh-pkcs11.c:1885
	sshconnect2.c:718
	sshconnect2.c:1056
	sshconnect2.c:2223
	auth-bsdauth.c:105
	ssh.c:281
	ssh.c:1017
	ssh.c:1432
	ssh.c:1815
	ssh.c:1875
	ssh.c:1975
	ssh.c:2012
	kex.c:171
	kex.c:470
	kex.c:546
	kex.c:1342
	kex.c:1423
	kex.c:1447
	ssh-keygen.c:504
	ssh-keygen.c:517
	ssh-keygen.c:1093
	ssh-keygen.c:1117
	ssh-keygen.c:1139
	ssh-keygen.c:1153
	ssh-keygen.c:1158
	ssh-keygen.c:1370
	ssh-keygen.c:1372
	ssh-keygen.c:1390
	ssh-keygen.c:1507
	ssh-keygen.c:1566
	ssh-keygen.c:2210
	ssh-keygen.c:2546
	ssh-keygen.c:2630
	ssh-keygen.c:2639
	ssh-keygen.c:2687
	ssh-keygen.c:2694
	ssh-keygen.c:2700
	ssh-keygen.c:2768
	ssh-keygen.c:3186
	ssh-keygen.c:3592
	ssh-keygen.c:3597
	ssh-keygen.c:3605
	ssh-keygen.c:3610
	ssh-keygen.c:3620
	ssh-keygen.c:3625
	ssh-keygen.c:3635
	ssh-keygen.c:3640
	ssh-keygen.c:3650
	ssh-keygen.c:3655
	ssh-keygen.c:3660
	ssh-keygen.c:3665
	ssh-keygen.c:3673
	ssh-keygen.c:3680
	ssh-keygen.c:3685
	ssh-keygen.c:3689
	ssh-keygen.c:3693
	ssh-keygen.c:3873
	servconf.c:741
	servconf.c:856
	servconf.c:1127
	servconf.c:1139
	servconf.c:1228
	servconf.c:1258
	servconf.c:1263
	servconf.c:1367
	servconf.c:1376
	servconf.c:1617
	servconf.c:1808
	servconf.c:1815
	servconf.c:2053
	servconf.c:2148
	servconf.c:2526
	servconf.c:2571
	servconf.c:2956
	misc.c:111
	misc.c:135
	misc.c:179
	misc.c:189
	misc.c:207
	misc.c:233
	misc.c:238
	misc.c:244
	misc.c:281
	misc.c:291
	misc.c:1461
	misc.c:1895
	misc.c:1923
	misc.c:2148
	misc.c:2153
	misc.c:2268
	misc.c:2644
	misc.c:2648
	misc.c:2673
	misc.c:2679
	misc.c:2685
	misc.c:2690
	misc.c:2701
	misc.c:2722
	misc.c:2727
	misc.c:2738
	misc.c:2745
	misc.c:2750
	misc.c:2755
	misc.c:2762
	misc.c:2769
	misc.c:2780
	ssh-pkcs11-client.c:66
	ssh-pkcs11-client.c:79
	ssh-pkcs11-client.c:92
	ssh-pkcs11-client.c:281
	ssh-pkcs11-client.c:286
	ssh-pkcs11-client.c:290
	auth-options.c:132
	auth-options.c:147
	auth-options.c:154
	auth-options.c:165
	auth-options.c:173
	clientloop.c:419
	clientloop.c:688
	clientloop.c:1133
	clientloop.c:1499
	clientloop.c:1613
	clientloop.c:1614
	clientloop.c:1649
	clientloop.c:1650
	clientloop.c:1693
	clientloop.c:1810
	clientloop.c:2180
	ssh-agent.c:702
	ssh-agent.c:1224
	ssh-agent.c:1241
	ssh-agent.c:1685
	ssh-agent.c:1742
	ssh-agent.c:1746
	ssh-agent.c:1751
	ssh-agent.c:2218
	ssh-agent.c:2230
	krl.c:935
	krl.c:940
	krl.c:1052
	krl.c:1084
	krl.c:1155
	krl.c:1160
	krl.c:1177
	krl.c:1197
	krl.c:1389
	krl.c:1419
	auth-sia.c:70
	nchan.c:122
	nchan.c:133
	nchan.c:144
	nchan.c:155
	nchan.c:165
	nchan.c:200
	nchan.c:214
	nchan.c:217
	nchan.c:236
	nchan.c:273
	nchan.c:320
	ssh-sk.c:113
	ssh-sk.c:132
	ssh-sk.c:137
	ssh-sk.c:142
	ssh-sk.c:150
	ssh-sk.c:156
	ssh-sk.c:161
	ssh-sk.c:167
	ssh-sk.c:236
	ssh-sk.c:519
	ssh-sk.c:812
	dns.c:175
	dns.c:260
	monitor_fdpass.c:106
	monitor_wrap.c:638
	mux.c:1293
	mux.c:1318
	mux.c:1610
	mux.c:1819
	mux.c:1954
	mux.c:2288
	scp.c:320
	scp.c:330
	scp.c:1267
	scp.c:1319
	scp.c:1365
	scp.c:1369
	scp.c:1563
	scp.c:1565
	scp.c:1578
	scp.c:1590
	scp.c:1597
	scp.c:1607
	scp.c:1987
	scp.c:1996
	scp.c:1998
	scp.c:2011
	scp.c:2020
	readconf.c:557
	readconf.c:572
	readconf.c:625
	readconf.c:659
	readconf.c:732
	readconf.c:742
	readconf.c:799
	readconf.c:915
	readconf.c:992
	readconf.c:999
	readconf.c:1022
	readconf.c:1029
	readconf.c:1042
	readconf.c:1075
	readconf.c:1166
	readconf.c:1174
	readconf.c:1179
	readconf.c:1199
	readconf.c:1206
	readconf.c:1219
	readconf.c:1226
	readconf.c:1246
	readconf.c:1263
	readconf.c:1270
	readconf.c:1279
	readconf.c:1334
	readconf.c:1346
	readconf.c:1353
	readconf.c:1363
	readconf.c:1369
	readconf.c:1382
	readconf.c:1393
	readconf.c:1399
	readconf.c:1410
	readconf.c:1416
	readconf.c:1427
	readconf.c:1434
	readconf.c:1447
	readconf.c:1454
	readconf.c:1471
	readconf.c:1484
	readconf.c:1498
	readconf.c:1505
	readconf.c:1525
	readconf.c:1539
	readconf.c:1553
	readconf.c:1578
	readconf.c:1621
	readconf.c:1629
	readconf.c:1662
	readconf.c:1670
	readconf.c:1688
	readconf.c:1700
	readconf.c:1732
	readconf.c:1753
	readconf.c:1785
	readconf.c:1798
	readconf.c:1820
	readconf.c:1826
	readconf.c:1854
	readconf.c:1861
	readconf.c:1873
	readconf.c:1891
	readconf.c:1908
	readconf.c:1931
	readconf.c:1939
	readconf.c:1980
	readconf.c:1987
	readconf.c:1995
	readconf.c:2003
	readconf.c:2022
	readconf.c:2034
	readconf.c:2047
	readconf.c:2074
	readconf.c:2081
	readconf.c:2099
	readconf.c:2104
	readconf.c:2134
	readconf.c:2140
	readconf.c:2146
	readconf.c:2160
	readconf.c:2167
	readconf.c:2175
	readconf.c:2198
	readconf.c:2204
	readconf.c:2211
	sshpty.c:73
	sshpty.c:91
	sshpty.c:93
	sshpty.c:113
	sshpty.c:121
	sshpty.c:128
	sshpty.c:132
	sshpty.c:136
	sshpty.c:143
	monitor.c:867
	monitor.c:1458
	monitor.c:1471
	monitor.c:1789
	monitor.c:1791
	dh.c:87
	dh.c:97
	dh.c:105
	dh.c:112
	dh.c:123
	dh.c:129
	dh.c:133
	dh.c:137
	dh.c:141
	dh.c:146
	sshsig.c:104
	sshsig.c:115
	sshsig.c:234
	sshsig.c:239
	sshsig.c:334
	sshsig.c:340
	sshsig.c:347
	sshsig.c:361
	sshsig.c:744
	sshsig.c:777
	sshsig.c:782
	sshsig.c:789
	sshsig.c:796
	sshsig.c:860
	sshsig.c:908
	sshsig.c:934
	sshsig.c:945
	sshsig.c:954
	sshsig.c:985
	sshsig.c:1025
	sshsig.c:1053
	sshsig.c:1080
	moduli.c:259
	moduli.c:269
	moduli.c:272
	moduli.c:592
	auth-shadow.c:96
	addrmatch.c:151
	addrmatch.c:155
	auth2-hostbased.c:215
	loginrec.c:322
	loginrec.c:1612
	loginrec.c:1616
	loginrec.c:1724
	platform.c:137
	sftp-server.c:1651
	sftp-server.c:1658
	sftp-server.c:1673
	sftp-server.c:1682
	sftp-server.c:1787
	sftp-server.c:1817
	sftp-server.c:1858
	sftp-server.c:1862
	sftp-server.c:1867
	sftp-server.c:1948
	sftp-server.c:1953
	sftp-server.c:2003
	sftp-server.c:2029
	sftp-server.c:2063
	sftp-server.c:2075
	sftp-server.c:2090
	ssh-sk-client.c:73
	ssh-sk-client.c:79
	packet.c:919
	auth2-pubkey.c:239
	auth2-pubkey.c:254
	auth2-pubkey.c:362
	auth2-pubkey.c:378
	auth2-pubkey.c:386
	auth2-pubkey.c:391
	auth2-pubkey.c:554
	auth2-pubkey.c:632
	auth2-pubkey.c:647
	auth2-pubkey.c:665
	auth2-pubkey.c:670
	channels.c:1305
	channels.c:1445
	channels.c:1463
	channels.c:1472
	channels.c:1607
	channels.c:1798
	channels.c:1927
	channels.c:1963
	channels.c:1992
	channels.c:2025
	channels.c:2461
	channels.c:3740
	channels.c:3744
	channels.c:3828
	channels.c:3839
	channels.c:3892
	channels.c:3900
	channels.c:3904
	channels.c:3921
	channels.c:3925
	channels.c:4554
	channels.c:4612
	channels.c:4643
	channels.c:4654
	channels.c:4714
	channels.c:4736
	channels.c:4964
	channels.c:4979
	channels.c:5010
	channels.c:5017
	channels.c:5049
	channels.c:5056
	channels.c:5075
	channels.c:5108
	channels.c:5143
	channels.c:5162
	channels.c:5171
	channels.c:5182
	channels.c:5205
	channels.c:5232
	cipher-aes.c:84
	audit-bsm.c:143
	audit-bsm.c:162
	audit-bsm.c:293
	audit-bsm.c:305
	audit-bsm.c:326
	sshconnect.c:363
	sshconnect.c:384
	sshconnect.c:389
	sshconnect.c:397
	sshconnect.c:409
	sshconnect.c:418
	sshconnect.c:516
	sshconnect.c:527
	sshconnect.c:868
	sshconnect.c:873
	sshconnect.c:1059
	sshconnect.c:1139
	sshconnect.c:1223
	sshconnect.c:1224
	sshconnect.c:1225
	sshconnect.c:1226
	sshconnect.c:1227
	sshconnect.c:1228
	sshconnect.c:1236
	sshconnect.c:1264
	sshconnect.c:1265
	sshconnect.c:1266
	sshconnect.c:1267
	sshconnect.c:1268
	sshconnect.c:1269
	sshconnect.c:1270
	sshconnect.c:1271
	sshconnect.c:1273
	sshconnect.c:1279
	sshconnect.c:1283
	sshconnect.c:1293
	sshconnect.c:1305
	sshconnect.c:1311
	sshconnect.c:1317
	sshconnect.c:1323
	sshconnect.c:1330
	sshconnect.c:1337
	sshconnect.c:1343
	sshconnect.c:1386
	sshconnect.c:1486
	sshconnect.c:1521
	sshconnect.c:1637
	sshconnect.c:1638
	sshconnect.c:1639
	sshconnect.c:1640
	sshconnect.c:1641
	sshconnect.c:1642
	sshconnect.c:1643
	sshconnect.c:1645
	sshconnect.c:1674
	openbsd-compat/port-solaris.c:53
	openbsd-compat/port-solaris.c:58
	openbsd-compat/port-solaris.c:63
	openbsd-compat/port-solaris.c:78
	openbsd-compat/port-solaris.c:88
	openbsd-compat/port-solaris.c:93
	openbsd-compat/port-solaris.c:98
	openbsd-compat/port-solaris.c:103
	openbsd-compat/port-solaris.c:110
	openbsd-compat/port-solaris.c:131
	openbsd-compat/port-solaris.c:152
	openbsd-compat/port-solaris.c:174
	openbsd-compat/port-solaris.c:179
	openbsd-compat/port-solaris.c:240
	openbsd-compat/port-solaris.c:246
	openbsd-compat/port-net.c:57
	openbsd-compat/port-net.c:70
	openbsd-compat/bsd-setres_id.c:40
	openbsd-compat/bsd-setres_id.c:47
	openbsd-compat/bsd-setres_id.c:53
	openbsd-compat/bsd-setres_id.c:75
	openbsd-compat/bsd-setres_id.c:84
	openbsd-compat/bsd-setres_id.c:91
	openbsd-compat/port-linux.c:84
	openbsd-compat/port-linux.c:120
	openbsd-compat/port-linux.c:151
	openbsd-compat/port-linux.c:155
	openbsd-compat/port-linux.c:160
	openbsd-compat/port-linux.c:166
	openbsd-compat/port-prngd.c:100
	openbsd-compat/port-prngd.c:106
	openbsd-compat/port-prngd.c:109
	openbsd-compat/port-prngd.c:125
	openbsd-compat/port-prngd.c:136
	openbsd-compat/bsd-pselect.c:95
	openbsd-compat/bsd-pselect.c:98
autoscan: warning: missing AC_FUNC_FORK wanted by: 
	session.c:438
	session.c:590
	sftp.c:334
	sftp.c:2364
	auth-pam.c:199
	sshd.c:481
	sshd.c:551
	sshd.c:1329
	readpass.c:69
	readpass.c:271
	sshconnect2.c:2035
	ssh.c:1739
	misc.c:2699
	ssh-pkcs11-client.c:289
	clientloop.c:1131
	ssh-agent.c:2188
	scp.c:246
	scp.c:311
	scp.c:395
	readconf.c:544
	ssh-sk-client.c:77
	sshconnect.c:133
	sshconnect.c:216
	sshconnect.c:1669
	openbsd-compat/daemon.c:56
autoscan: warning: missing AC_FUNC_GETGROUPS wanted by: 
	uidswap.c:86
	uidswap.c:92
	uidswap.c:105
	uidswap.c:111
autoscan: warning: missing AC_FUNC_LSTAT_FOLLOWS_SLASHED_SYMLINK wanted by: 
	sftp-client.c:2274
	sftp-realpath.c:161
	sftp-server.c:911
	sftp-server.c:1160
	sftp-server.c:1281
	openbsd-compat/getcwd.c:111
	openbsd-compat/getcwd.c:178
	openbsd-compat/glob.c:1023
	openbsd-compat/mktemp.c:101
autoscan: warning: missing AC_FUNC_MKTIME wanted by: 
	misc.c:2447
autoscan: warning: missing AC_FUNC_MMAP wanted by: 
	openbsd-compat/arc4random.h:67
	openbsd-compat/arc4random.h:71
autoscan: warning: missing AC_FUNC_STRNLEN wanted by: 
	openbsd-compat/glob.c:202
	openbsd-compat/openbsd-compat.h:118
	openbsd-compat/strndup.c:33
	openbsd-compat/strnlen.c:28
autoscan: warning: missing AC_HEADER_RESOLV wanted by: 
	hostfile.c:47
	sshkey.c:47
	sshbuf-misc.c:31
	regress/netcat.c:1387
	openbsd-compat/getrrsetbyname.h:59
autoscan: warning: missing AC_PATH_X wanted by: 
	contrib/gnome-ssh-askpass2.c:60
	contrib/gnome-ssh-askpass1.c:50
	contrib/gnome-ssh-askpass3.c:60
autoscan: warning: missing AC_PREREQ wanted by: 
	autoscan
autoscan: warning: missing AC_PROG_CXX wanted by: 
	survey.sh.in:19
	survey.sh.in:50
	survey.sh.in:60
	survey.sh.in:62
	.github/configure.sh:7
	.github/configure.sh:8
	.github/configure.sh:8
	contrib/findssl.sh:64
	regress/misc/fuzz-harness/sshsig_fuzz.cc
	regress/misc/fuzz-harness/sig_fuzz.cc
	regress/misc/fuzz-harness/._sig_fuzz.cc
	regress/misc/fuzz-harness/agent_fuzz.cc
	regress/misc/fuzz-harness/authkeys_fuzz.cc
	regress/misc/fuzz-harness/ssh-sk-null.cc
	regress/misc/fuzz-harness/privkey_fuzz.cc
	regress/misc/fuzz-harness/authopt_fuzz.cc
	regress/misc/fuzz-harness/sshsigopt_fuzz.cc
	regress/misc/fuzz-harness/pubkey_fuzz.cc
	regress/misc/fuzz-harness/kex_fuzz.cc
	regress/misc/fuzz-harness/Makefile:3
autoscan: warning: missing AC_PROG_LN_S wanted by: 
	Makefile.in:511
	regress/sftp-cmds.sh:190
	regress/sftp-cmds.sh:191
	regress/sftp-cmds.sh:191
	regress/sftp-cmds.sh:192
	regress/sftp-cmds.sh:193
	regress/sftp-cmds.sh:195
	regress/sftp-cmds.sh:197
	regress/sftp-cmds.sh:197
	regress/sftp-cmds.sh:198
	regress/reexec.sh:15
	regress/test-exec.sh:305
	regress/test-exec.sh:320
	regress/sftp-perm.sh:135
	regress/sftp-perm.sh:142
	regress/sftp-perm.sh:184
	regress/sftp-perm.sh:189
	regress/sftp-perm.sh:244
	regress/sftp-perm.sh:252
autoscan: warning: missing AC_PROG_MAKE_SET wanted by: 
	buildpkg.sh.in:39
	.github/run_test.sh:16
	.github/run_test.sh:36
	.github/run_test.sh:38
	.github/run_test.sh:44
	.github/run_test.sh:46
	.github/setup_ci.sh:15
	.github/setup_ci.sh:171
	.github/setup_ci.sh:181
	.github/setup_ci.sh:181
	.github/setup_ci.sh:192
	.github/setup_ci.sh:192
	.github/setup_ci.sh:199
	.github/setup_ci.sh:199
	regress/sshsig.sh:34
	regress/hostkey-agent.sh:16
	contrib/aix/buildbff.sh:108
autoscan: warning: missing AC_TYPE_INT16_T wanted by: 
	defines.h:225
	crypto_api.h:20
autoscan: warning: missing AC_TYPE_INT32_T wanted by: 
	defines.h:230
	xmss_commons.c:21
	crypto_api.h:22
	sftp-server.c:374
	sftp-server.c:376
	sftp-server.c:385
autoscan: warning: missing AC_TYPE_INT64_T wanted by: 
	defines.h:277
	defines.h:280
	ssh-keygen.c:1930
	ssh-keygen.c:1961
	crypto_api.h:24
	sntrup761.c:30
	sntrup761.c:30
	sntrup761.c:30
	sntrup761.c:31
	sntrup761.c:31
	sntrup761.c:31
	readconf.h:121
	servconf.h:220
	packet.c:985
autoscan: warning: missing AC_TYPE_INT8_T wanted by: 
	defines.h:223
	crypto_api.h:18
autoscan: warning: missing AC_TYPE_MODE_T wanted by: 
	session.c:935
	sftp-client.c:1876
	sftp-client.c:2647
	hostfile.c:603
	authfile.c:59
	auth-krb5.c:246
	defines.h:387
	sshd.c:1558
	ssh-keygen.c:3247
	servconf.c:160
	servconf.c:435
	servconf.c:2474
	servconf.c:2733
	ssh-agent.c:2013
	mux.c:1258
	scp.c:1656
	readconf.c:2084
	readconf.c:2339
	readconf.c:2494
	sshpty.c:92
	sshpty.c:170
	sftp-server.c:1979
	channels.c:3886
	misc.h:41
	openbsd-compat/bsd-misc.c:199
	openbsd-compat/bsd-cygwin_util.c:50
	openbsd-compat/bsd-cygwin_util.c:53
	openbsd-compat/bsd-misc.h:73
	openbsd-compat/mktemp.c:51
autoscan: warning: missing AC_TYPE_OFF_T wanted by: 
	sftp-client.c:1605
	sftp-client.c:2005
	sftp-client.c:2050
	sftp-client.c:2057
	sftp-client.c:2405
	progressmeter.h:26
	progressmeter.h:26
	progressmeter.c:67
	progressmeter.c:68
	progressmeter.c:69
	progressmeter.c:70
	progressmeter.c:90
	progressmeter.c:111
	progressmeter.c:129
	progressmeter.c:132
	progressmeter.c:195
	progressmeter.c:249
	progressmeter.c:249
	scp.c:724
	scp.c:724
	scp.c:1383
	scp.c:1453
	scp.c:1653
	scp.c:1657
	scp.c:1669
	scp.c:1790
	scp.c:1792
	loginrec.c:874
	loginrec.c:876
	loginrec.c:1205
	loginrec.c:1240
	loginrec.c:1370
	loginrec.c:1401
	loginrec.c:1480
	loginrec.c:1509
	sshbuf-io.c:66
	openbsd-compat/md5.h:43
	openbsd-compat/md5.h:43
	openbsd-compat/openbsd-compat.h:69
	openbsd-compat/bsd-misc.c:224
	openbsd-compat/sha2.h:88
	openbsd-compat/sha2.h:88
	openbsd-compat/sha2.h:107
	openbsd-compat/sha2.h:107
	openbsd-compat/sha2.h:126
	openbsd-compat/sha2.h:126
	openbsd-compat/sha2.h:145
	openbsd-compat/sha2.h:145
	openbsd-compat/sha2.h:164
	openbsd-compat/sha2.h:164
	openbsd-compat/bsd-misc.h:81
	openbsd-compat/sha1.h:37
	openbsd-compat/sha1.h:37
autoscan: warning: missing AC_TYPE_PID_T wanted by: 
	session.c:390
	session.c:560
	session.c:742
	session.c:1870
	session.c:2462
	sftp.c:80
	sftp.c:223
	sftp.c:266
	sftp.c:326
	session.h:37
	session.h:72
	loginrec.h:68
	loginrec.h:91
	loginrec.h:96
	ssh-sandbox.h:24
	auth-pam.c:132
	auth-pam.c:195
	platform.h:24
	sandbox-pledge.c:41
	sandbox-pledge.c:71
	defines.h:377
	sshd.c:340
	sshd.c:471
	sshd.c:1130
	serverloop.c:326
	readpass.c:53
	readpass.c:234
	readpass.c:243
	sandbox-seccomp-filter.c:433
	sandbox-seccomp-filter.c:538
	sshconnect2.c:2010
	sandbox-rlimit.c:40
	sandbox-rlimit.c:91
	ssh.c:1731
	ssh.c:2382
	misc.c:2142
	misc.c:2629
	misc.c:2637
	ssh-pkcs11-client.c:53
	sandbox-null.c:67
	clientloop.c:1003
	ssh-agent.c:159
	ssh-agent.c:163
	ssh-agent.c:2010
	sandbox-solaris.c:109
	sandbox-darwin.c:40
	sandbox-darwin.c:94
	sandbox-systrace.c:95
	sandbox-systrace.c:124
	sandbox-systrace.c:128
	sandbox-systrace.c:213
	sshlogin.c:137
	sshlogin.c:153
	sshlogin.c:167
	scp.c:145
	scp.c:179
	scp.c:180
	scp.c:235
	scp.c:280
	scp.c:383
	readconf.c:530
	monitor.c:168
	monitor.c:373
	loginrec.c:345
	loginrec.c:373
	platform.c:64
	ssh-sk-client.c:47
	ssh-sk-client.c:51
	ssh-sk-client.c:112
	ssh-sk-client.c:144
	sshlogin.h:15
	sshlogin.h:17
	sshlogin.h:21
	auth2-pubkey.c:351
	auth2-pubkey.c:622
	monitor.h:76
	sandbox-capsicum.c:49
	sandbox-capsicum.c:123
	audit-bsm.c:90
	audit-bsm.c:260
	sshconnect.c:76
	sshconnect.c:118
	sshconnect.c:200
	sshconnect.c:848
	sshconnect.c:1657
	misc.h:112
	misc.h:191
	openbsd-compat/port-solaris.c:139
	openbsd-compat/bsd-waitpid.h:46
	openbsd-compat/openbsd-compat.h:86
	openbsd-compat/bsd-nextstep.h:40
	openbsd-compat/bsd-nextstep.h:44
	openbsd-compat/bsd-nextstep.h:51
	openbsd-compat/bsd-closefrom.c:98
	openbsd-compat/bsd-misc.c:285
	openbsd-compat/bsd-misc.c:342
	openbsd-compat/bsd-misc.c:343
	openbsd-compat/bsd-misc.c:407
	openbsd-compat/bsd-misc.c:408
	openbsd-compat/bsd-misc.c:417
	openbsd-compat/port-solaris.h:25
	openbsd-compat/bsd-nextstep.c:32
	openbsd-compat/bsd-nextstep.c:36
	openbsd-compat/bsd-nextstep.c:75
	openbsd-compat/bsd-misc.h:110
	openbsd-compat/bsd-misc.h:126
	openbsd-compat/bsd-misc.h:126
	openbsd-compat/bsd-misc.h:174
	openbsd-compat/bsd-misc.h:174
	openbsd-compat/bsd-waitpid.c:32
	openbsd-compat/bsd-waitpid.c:36
	openbsd-compat/arc4random.h:52
	openbsd-compat/arc4random.h:53
	openbsd-compat/bsd-pselect.c:76
autoscan: warning: missing AC_TYPE_SIZE_T wanted by: 
	ssh-keyscan.c:487
	ssh-keyscan.c:493
	ssh-keyscan.c:498
	ssh-keyscan.c:574
	ssh-keyscan.c:722
	ssh_api.h:96
	ssh_api.h:104
	ssh_api.h:110
	ssh_api.h:115
	ssh_api.h:121
	ssh_api.h:129
	ssh_api.h:135
	session.c:298
	session.c:370
	session.c:849
	session.c:895
	session.c:985
	sftp-client.c:116
	sftp-client.c:123
	sftp-client.c:127
	sftp-client.c:153
	sftp-client.c:301
	sftp-client.c:500
	sftp-client.c:704
	sftp-client.c:1107
	sftp-client.c:1540
	sftp-client.c:1544
	sftp-client.c:1606
	sftp-client.c:1689
	sftp-client.c:2014
	sftp-client.c:2407
	sftp-client.c:2465
	sftp-client.c:2887
	sftp-client.c:2942
	sftp.c:379
	sftp.c:605
	sftp.c:1125
	sftp.c:1180
	sftp.c:1198
	sftp.c:1851
	sftp.c:2059
	sftp.c:2431
	sftp.c:2432
	sftp.c:2560
	sftp.c:2568
	ssh-keysign.c:66
	ssh-keysign.c:72
	ssh-keysign.c:186
	auth2.c:109
	auth2.c:123
	auth2.c:225
	auth2.c:642
	auth2.c:674
	hostfile.c:69
	hostfile.c:479
	hostfile.c:546
	hostfile.c:555
	hostfile.c:596
	hostfile.c:604
	hostfile.c:744
	hostfile.c:770
	ssh-ed25519-sk.c:126
	ssh-ed25519-sk.c:127
	ssh-ed25519-sk.c:140
	authfile.c:210
	authfile.c:384
	digest-libc.c:54
	digest-libc.c:65
	digest-libc.c:66
	digest-libc.c:67
	digest-libc.c:157
	digest-libc.c:165
	digest-libc.c:202
	digest-libc.c:219
	digest-libc.c:249
	digest-libc.c:249
	digest-libc.c:263
	auth-krb5.c:250
	auth.h:211
	auth.h:211
	auth-pam.c:848
	auth-pam.c:851
	auth-pam.c:964
	auth-pam.c:1245
	auth-pam.c:1293
	ssh-gss.h:102
	ssh-gss.h:103
	ssh-ed25519.c:107
	ssh-ed25519.c:125
	ssh-ed25519.c:147
	ssh-ed25519.c:148
	ssh-ed25519.c:152
	ssh-ed25519.c:206
	ssh-ed25519.c:207
	ssh-ed25519.c:214
	ssh-rsa.c:39
	ssh-rsa.c:39
	ssh-rsa.c:392
	ssh-rsa.c:393
	ssh-rsa.c:398
	ssh-rsa.c:440
	ssh-rsa.c:475
	ssh-rsa.c:476
	ssh-rsa.c:482
	ssh-rsa.c:611
	ssh-rsa.c:633
	ssh-rsa.c:634
	ssh-rsa.c:636
	ssh-rsa.c:664
	hmac.h:22
	hmac.h:29
	hmac.h:31
	hmac.h:34
	mac.h:48
	mac.h:49
	mac.h:50
	sftp-realpath.c:62
	sshsig.h:26
	sshsig.h:27
	sshsig.h:109
	defines.h:329
	defines.h:756
	addr.h:53
	sshkey-xmss.c:233
	sshkey-xmss.c:247
	sshkey-xmss.c:257
	sshkey-xmss.c:272
	sshkey-xmss.c:312
	sshkey-xmss.c:539
	sshkey-xmss.c:777
	sshkey-xmss.c:897
	sshkey-xmss.c:988
	sshbuf-getput-basic.c:35
	sshbuf-getput-basic.c:100
	sshbuf-getput-basic.c:100
	sshbuf-getput-basic.c:114
	sshbuf-getput-basic.c:114
	sshbuf-getput-basic.c:127
	sshbuf-getput-basic.c:142
	sshbuf-getput-basic.c:157
	sshbuf-getput-basic.c:172
	sshbuf-getput-basic.c:187
	sshbuf-getput-basic.c:190
	sshbuf-getput-basic.c:214
	sshbuf-getput-basic.c:216
	sshbuf-getput-basic.c:241
	sshbuf-getput-basic.c:271
	sshbuf-getput-basic.c:273
	sshbuf-getput-basic.c:301
	sshbuf-getput-basic.c:326
	sshbuf-getput-basic.c:376
	sshbuf-getput-basic.c:440
	sshbuf-getput-basic.c:440
	sshbuf-getput-basic.c:454
	sshbuf-getput-basic.c:466
	sshbuf-getput-basic.c:478
	sshbuf-getput-basic.c:490
	sshbuf-getput-basic.c:502
	sshbuf-getput-basic.c:502
	sshbuf-getput-basic.c:514
	sshbuf-getput-basic.c:550
	sshbuf-getput-basic.c:571
	sshbuf-getput-basic.c:601
	sshbuf-getput-basic.c:604
	sshd.c:958
	sshd.c:1485
	sshd.c:2356
	sshd.c:2357
	sshkey.h:155
	sshkey.h:157
	sshkey.h:184
	sshkey.h:185
	sshkey.h:187
	sshkey.h:188
	sshkey.h:212
	sshkey.h:245
	sshkey.h:246
	sshkey.h:252
	sshkey.h:253
	sshkey.h:272
	sshkey.h:275
	sshkey.h:281
	sshkey.h:284
	sshkey.h:285
	sshkey.h:286
	sshkey.h:287
	sshkey.h:288
	sshkey.h:290
	ssh-pkcs11-helper.c:125
	ssh-pkcs11-helper.c:188
	ttymodes.c:351
	bitmap.c:33
	bitmap.c:34
	bitmap.c:85
	bitmap.c:104
	bitmap.c:128
	bitmap.c:140
	bitmap.c:143
	bitmap.c:161
	bitmap.c:168
	bitmap.c:171
	bitmap.c:189
	bitmap.c:192
	addr.c:436
	match.c:320
	xmss_commons.c:29
	xmss_commons.c:31
	auth.c:402
	auth.c:763
	sshkey-xmss.h:33
	sshkey-xmss.h:34
	sshkey-xmss.h:47
	cipher.c:121
	cipher.c:460
	cipher.c:487
	cipher.c:500
	cipher.c:516
	umac.c:1222
	serverloop.c:687
	authfd.c:141
	authfd.c:241
	authfd.c:338
	authfd.c:361
	authfd.c:405
	authfd.c:406
	authfd.c:410
	authfd.c:509
	authfd.c:513
	authfd.c:568
	authfd.c:632
	authfd.c:666
	readpass.c:54
	ssh-add.c:137
	ssh-add.c:236
	ssh-add.c:242
	ssh-add.c:448
	ssh-add.c:481
	ssh-add.c:517
	ssh-add.c:585
	ssh-add.c:588
	ssh-add.c:638
	ssh-add.c:655
	ssh-add.c:672
	ssh-add.c:737
	ssh-add.c:798
	sftp-common.c:135
	auth2-pubkeyfile.c:226
	auth2-pubkeyfile.c:411
	auth2-chall.c:155
	xmalloc.c:34
	xmalloc.c:47
	xmalloc.c:47
	xmalloc.c:63
	xmalloc.c:63
	xmalloc.c:75
	xmalloc.c:75
	xmalloc.c:75
	xmalloc.c:89
	log.c:64
	log.c:180
	log.c:470
	sshpty.h:23
	ssh-pkcs11.c:627
	ssh-pkcs11.c:629
	ssh-pkcs11.c:1386
	ssh-pkcs11.c:1388
	ssh-pkcs11.c:1421
	ssh-pkcs11.c:1436
	sftp-glob.c:141
	kex.h:169
	kex.h:169
	kex.h:245
	kex.h:246
	kex.h:260
	sshconnect2.c:127
	sshconnect2.c:582
	sshconnect2.c:696
	sshconnect2.c:901
	sshconnect2.c:946
	sshconnect2.c:981
	sshconnect2.c:1214
	sshconnect2.c:1215
	sshconnect2.c:1304
	sshconnect2.c:1305
	sshconnect2.c:1326
	sshconnect2.c:1496
	sshconnect2.c:1684
	sshconnect2.c:2005
	sshconnect2.c:2006
	sshconnect2.c:2128
	kexgexc.c:155
	sk-api.h:46
	sk-api.h:48
	sk-api.h:50
	sk-api.h:52
	sk-api.h:54
	sk-api.h:61
	sk-api.h:63
	sk-api.h:68
	sk-api.h:73
	sk-api.h:89
	sk-api.h:94
	sk-api.h:95
	sk-api.h:101
	hostfile.h:56
	kexecdh.c:146
	poly1305.c:34
	poly1305.c:40
	ssh.c:251
	ssh.c:334
	ssh.c:575
	ssh.c:643
	kex.c:128
	kex.c:189
	kex.c:538
	kex.c:656
	kex.c:1106
	kex.c:1279
	sk-usbhid.c:128
	sk-usbhid.c:133
	sk-usbhid.c:134
	sk-usbhid.c:140
	sk-usbhid.c:226
	sk-usbhid.c:226
	sk-usbhid.c:230
	sk-usbhid.c:256
	sk-usbhid.c:258
	sk-usbhid.c:266
	sk-usbhid.c:268
	sk-usbhid.c:282
	sk-usbhid.c:282
	sk-usbhid.c:285
	sk-usbhid.c:319
	sk-usbhid.c:319
	sk-usbhid.c:344
	sk-usbhid.c:365
	sk-usbhid.c:395
	sk-usbhid.c:444
	sk-usbhid.c:481
	sk-usbhid.c:482
	sk-usbhid.c:485
	sk-usbhid.c:514
	sk-usbhid.c:518
	sk-usbhid.c:567
	sk-usbhid.c:571
	sk-usbhid.c:685
	sk-usbhid.c:746
	sk-usbhid.c:748
	sk-usbhid.c:781
	sk-usbhid.c:787
	sk-usbhid.c:839
	sk-usbhid.c:848
	sk-usbhid.c:1049
	sk-usbhid.c:1085
	sk-usbhid.c:1129
	sk-usbhid.c:1153
	sk-usbhid.c:1155
	sk-usbhid.c:1266
	sk-usbhid.c:1272
	sk-usbhid.c:1434
	sk-usbhid.c:1437
	sshbuf-getput-crypto.c:40
	sshbuf-getput-crypto.c:60
	sshbuf-getput-crypto.c:77
	sshbuf-getput-crypto.c:100
	sshbuf-getput-crypto.c:157
	ssh-keygen.c:144
	ssh-keygen.c:493
	ssh-keygen.c:622
	ssh-keygen.c:625
	ssh-keygen.c:963
	ssh-keygen.c:1494
	ssh-keygen.c:1500
	ssh-keygen.c:1661
	ssh-keygen.c:1752
	ssh-keygen.c:1753
	ssh-keygen.c:1774
	ssh-keygen.c:2179
	ssh-keygen.c:2242
	ssh-keygen.c:2246
	ssh-keygen.c:2284
	ssh-keygen.c:2514
	ssh-keygen.c:2667
	ssh-keygen.c:2670
	ssh-keygen.c:2711
	ssh-keygen.c:2794
	ssh-keygen.c:2885
	ssh-keygen.c:2933
	ssh-keygen.c:2937
	ssh-keygen.c:2958
	ssh-keygen.c:2966
	ssh-keygen.c:3011
	ssh-keygen.c:3020
	ssh-keygen.c:3117
	ssh-keygen.c:3120
	ssh-keygen.c:3157
	ssh-keygen.c:3352
	kexdh.c:77
	digest.h:43
	digest.h:46
	digest.h:53
	digest.h:54
	digest.h:57
	digest.h:62
	digest.h:66
	mac.c:88
	mac.c:167
	mac.c:212
	mac.c:213
	servconf.c:836
	servconf.c:1339
	servconf.c:2602
	krl.h:55
	krl.h:56
	krl.h:61
	misc.c:93
	misc.c:975
	misc.c:1140
	misc.c:1232
	misc.c:1490
	misc.c:1494
	misc.c:1718
	misc.c:1730
	misc.c:1782
	misc.c:1789
	misc.c:1793
	misc.c:2178
	misc.c:2242
	misc.c:2322
	misc.c:2403
	misc.c:2456
	misc.c:2494
	misc.c:2514
	misc.c:2796
	misc.c:2798
	misc.c:2811
	hmac.c:35
	hmac.c:38
	hmac.c:66
	hmac.c:68
	hmac.c:95
	hmac.c:107
	hmac.c:109
	hmac.c:142
	hmac.c:142
	hmac.c:142
	hmac.c:145
	ssh-pkcs11-client.c:59
	ssh-pkcs11-client.c:123
	ssh-pkcs11-client.c:153
	ssh-pkcs11-client.c:176
	ssh-pkcs11-client.c:322
	sshbuf.h:48
	sshbuf.h:80
	sshbuf.h:86
	sshbuf.h:91
	sshbuf.h:96
	sshbuf.h:115
	sshbuf.h:123
	sshbuf.h:130
	sshbuf.h:136
	sshbuf.h:142
	sshbuf.h:145
	sshbuf.h:146
	sshbuf.h:165
	sshbuf.h:167
	sshbuf.h:169
	sshbuf.h:171
	sshbuf.h:178
	sshbuf.h:179
	sshbuf.h:180
	sshbuf.h:181
	sshbuf.h:182
	sshbuf.h:182
	sshbuf.h:189
	sshbuf.h:190
	sshbuf.h:192
	sshbuf.h:202
	sshbuf.h:209
	sshbuf.h:215
	sshbuf.h:217
	sshbuf.h:233
	sshbuf.h:259
	sshbuf.h:260
	sshbuf.h:271
	sshbuf.h:272
	sshbuf.h:272
	sshbuf.h:298
	sshbuf.h:298
	sshbuf.h:353
	ssh-dss.c:260
	ssh-dss.c:261
	ssh-dss.c:267
	ssh-dss.c:330
	ssh-dss.c:331
	ssh-dss.c:337
	auth-options.c:44
	auth-options.c:44
	auth-options.c:47
	auth-options.c:204
	auth-options.c:252
	auth-options.c:255
	auth-options.c:327
	auth-options.c:417
	auth-options.c:702
	auth-options.c:705
	auth-options.c:730
	auth-options.c:733
	clientloop.c:267
	clientloop.c:324
	clientloop.c:346
	clientloop.c:1732
	clientloop.c:1862
	clientloop.c:1870
	clientloop.c:1882
	clientloop.c:1927
	clientloop.c:2009
	clientloop.c:2037
	clientloop.c:2076
	clientloop.c:2169
	clientloop.c:2175
	clientloop.c:2291
	clientloop.c:2538
	ssh-agent.c:129
	ssh-agent.c:145
	ssh-agent.c:193
	ssh-agent.c:233
	ssh-agent.c:235
	ssh-agent.c:319
	ssh-agent.c:374
	ssh-agent.c:723
	ssh-agent.c:956
	ssh-agent.c:1014
	ssh-agent.c:1061
	ssh-agent.c:1124
	ssh-agent.c:1204
	ssh-agent.c:1309
	ssh-agent.c:1381
	ssh-agent.c:1495
	ssh-agent.c:1813
	ssh-agent.c:1815
	ssh-agent.c:1867
	ssh-agent.c:1870
	ssh-agent.c:2012
	ssh-agent.c:2016
	krl.c:78
	krl.c:368
	krl.c:388
	krl.c:408
	krl.c:418
	krl.c:435
	krl.c:444
	krl.c:556
	krl.c:740
	krl.c:828
	krl.c:849
	krl.c:958
	krl.c:961
	krl.c:983
	krl.c:992
	ssh-sk-helper.c:99
	ssh-sk-helper.c:219
	atomicio.h:37
	atomicio.h:38
	atomicio.h:38
	atomicio.h:39
	atomicio.h:40
	atomicio.h:40
	atomicio.h:40
	atomicio.h:47
	atomicio.h:49
	atomicio.h:50
	kexsntrup761x25519.c:47
	kexsntrup761x25519.c:83
	kexsntrup761x25519.c:167
	ssh-sk.h:37
	ssh-sk.h:62
	ssh-sk.h:62
	ssh-sk.h:73
	ssh-sk.h:76
	monitor_wrap.h:48
	monitor_wrap.h:49
	monitor_wrap.h:61
	monitor_wrap.h:62
	monitor_wrap.h:89
	ssh-xmss.c:109
	ssh-xmss.c:133
	ssh-xmss.c:167
	ssh-xmss.c:200
	ssh-xmss.c:201
	ssh-xmss.c:205
	ssh-xmss.c:276
	ssh-xmss.c:277
	ssh-xmss.c:284
	ssh-sk.c:66
	ssh-sk.c:71
	ssh-sk.c:73
	ssh-sk.c:79
	ssh-sk.c:84
	ssh-sk.c:87
	ssh-sk.c:89
	ssh-sk.c:93
	ssh-sk.c:368
	ssh-sk.c:381
	ssh-sk.c:385
	ssh-sk.c:412
	ssh-sk.c:470
	ssh-sk.c:636
	ssh-sk.c:636
	ssh-sk.c:740
	ssh-sk.c:742
	ssh-sk.c:771
	ssh-sk.c:773
	ssh-sk.c:786
	ssh-sk.c:791
	dns.c:82
	dns.c:136
	dns.c:205
	dns.c:210
	dns.c:312
	utf8.h:18
	utf8.h:24
	utf8.h:26
	monitor_wrap.c:90
	monitor_wrap.c:125
	monitor_wrap.c:217
	monitor_wrap.c:218
	monitor_wrap.c:260
	monitor_wrap.c:503
	monitor_wrap.c:504
	monitor_wrap.c:568
	monitor_wrap.c:667
	channels.h:95
	sshlogin.c:77
	kexsm2.c:11
	kexsm2.c:117
	kexsm2.c:117
	kexsm2.c:117
	kexsm2.c:122
	kexsm2.c:176
	kexsm2.c:189
	kexsm2.c:321
	kexsm2.c:323
	kexsm2.c:386
	sshkey.c:326
	sshkey.c:819
	sshkey.c:823
	sshkey.c:851
	sshkey.c:857
	sshkey.c:864
	sshkey.c:867
	sshkey.c:904
	sshkey.c:907
	sshkey.c:908
	sshkey.c:926
	sshkey.c:929
	sshkey.c:944
	sshkey.c:1025
	sshkey.c:1035
	sshkey.c:1038
	sshkey.c:1127
	sshkey.c:1165
	sshkey.c:1190
	sshkey.c:1553
	sshkey.c:1663
	sshkey.c:1778
	sshkey.c:1975
	sshkey.c:2007
	sshkey.c:2080
	sshkey.c:2100
	sshkey.c:2101
	sshkey.c:2140
	sshkey.c:2141
	sshkey.c:2191
	sshkey.c:2295
	sshkey.c:2296
	sshkey.c:2412
	sshkey.c:2413
	sshkey.c:2766
	sshkey.c:2891
	sshkey.c:2969
	sshkey.c:3421
	sshkey.c:3425
	sshbuf.c:45
	sshbuf.c:46
	sshbuf.c:47
	sshbuf.c:48
	sshbuf.c:111
	sshbuf.c:218
	sshbuf.c:224
	sshbuf.c:243
	sshbuf.c:245
	sshbuf.c:280
	sshbuf.c:288
	sshbuf.c:313
	sshbuf.c:329
	sshbuf.c:331
	sshbuf.c:372
	sshbuf.c:392
	sshbuf.c:412
	ssh_api.c:49
	ssh_api.c:49
	ssh_api.c:234
	ssh_api.c:281
	ssh_api.c:287
	ssh_api.c:299
	ssh_api.c:308
	ssh_api.c:314
	ssh_api.c:320
	ssh_api.c:335
	ssh_api.c:519
	ssh_api.c:567
	ssh_api.c:568
	mux.c:250
	mux.c:292
	mux.c:1446
	mux.c:1448
	mux.c:1482
	mux.c:1545
	scp.c:183
	scp.c:184
	scp.c:429
	scp.c:602
	scp.c:610
	scp.c:722
	scp.c:765
	scp.c:838
	scp.c:881
	scp.c:946
	scp.c:949
	scp.c:1304
	scp.c:1384
	scp.c:1654
	scp.c:1662
	scp.c:1810
	scp.c:1811
	scp.c:2208
	gss-genr.c:54
	gss-genr.c:65
	gss-genr.c:74
	xmss_commons.h:19
	readconf.c:952
	readconf.c:2247
	sshpty.c:65
	bitmap.h:46
	bitmap.h:49
	bitmap.h:52
	bitmap.h:55
	ssh-sm2.c:111
	ssh-sm2.c:111
	ssh-sm2.c:156
	ssh-sm2.c:157
	ssh-sm2.c:161
	ssh-sm2.c:235
	ssh-sm2.c:235
	ssh-sm2.c:281
	ssh-sm2.c:282
	ssh-sm2.c:287
	monitor.c:159
	monitor.c:613
	monitor.c:881
	monitor.c:1248
	monitor.c:1329
	monitor.c:1397
	monitor.c:1834
	dh.c:163
	sshsig.c:92
	sshsig.c:159
	sshsig.c:298
	sshsig.c:524
	sshsig.c:525
	sshsig.c:978
	sshsig.c:1019
	sshsig.c:1064
	sshsig.c:1068
	authfd.h:24
	authfd.h:53
	authfd.h:59
	authfd.h:63
	authfd.h:64
	auth-options.h:57
	auth-options.h:61
	auth-options.h:65
	digest-openssl.c:53
	digest-openssl.c:100
	digest-openssl.c:108
	digest-openssl.c:146
	digest-openssl.c:160
	digest-openssl.c:186
	digest-openssl.c:186
	digest-openssl.c:204
	auth2-hostbased.c:66
	atomicio.c:50
	atomicio.c:51
	atomicio.c:51
	atomicio.c:52
	atomicio.c:55
	atomicio.c:85
	atomicio.c:86
	atomicio.c:95
	atomicio.c:96
	atomicio.c:96
	atomicio.c:104
	atomicio.c:107
	atomicio.c:109
	atomicio.c:119
	atomicio.c:147
	atomicio.c:166
	atomicio.c:174
	loginrec.c:602
	loginrec.c:622
	kexgex.c:59
	kexgex.c:60
	kexgen.c:58
	kexgen.c:149
	kexgen.c:277
	sftp-server.c:507
	sftp-server.c:802
	sftp-server.c:857
	sftp-server.c:885
	sftp-server.c:1616
	ssh-sk-client.c:231
	ssh-sk-client.c:231
	ssh-sk-client.c:383
	ssh-sk-client.c:385
	ssh-sk-client.c:398
	ssh-sk-client.c:405
	ssh-ecdsa-sk.c:56
	ssh-ecdsa-sk.c:57
	ssh-ecdsa-sk.c:170
	ssh-ecdsa-sk.c:173
	ssh-ecdsa-sk.c:235
	ssh-ecdsa-sk.c:236
	sshlogin.h:18
	packet.c:201
	packet.c:386
	packet.c:407
	packet.c:1445
	packet.c:1793
	packet.c:1852
	packet.c:2304
	packet.c:2407
	packet.c:2456
	packet.c:2486
	packet.c:2529
	packet.c:2553
	packet.c:2559
	packet.c:2565
	packet.c:2571
	packet.c:2601
	packet.c:2627
	utf8.c:45
	utf8.c:45
	utf8.c:45
	utf8.c:73
	utf8.c:73
	utf8.c:73
	utf8.c:76
	utf8.c:104
	utf8.c:111
	utf8.c:240
	utf8.c:258
	auth2-gss.c:71
	auth2-gss.c:147
	auth2-gss.c:212
	auth2-gss.c:289
	auth2-pubkey.c:96
	xmalloc.h:19
	xmalloc.h:20
	xmalloc.h:20
	xmalloc.h:21
	xmalloc.h:21
	xmalloc.h:22
	xmalloc.h:22
	xmalloc.h:22
	packet.h:186
	packet.h:191
	packet.h:197
	packet.h:201
	packet.h:202
	packet.h:203
	packet.h:204
	packet.h:209
	packet.h:210
	auth2-passwd.c:57
	cipher.h:74
	cipher.h:75
	channels.c:216
	channels.c:333
	channels.c:347
	channels.c:2055
	channels.c:2139
	channels.c:2896
	channels.c:2968
	channels.c:3081
	channels.c:3233
	channels.c:3343
	channels.c:3402
	channels.c:5070
	poly1305.h:16
	sshconnect.c:691
	ssh-ecdsa.c:227
	ssh-ecdsa.c:228
	ssh-ecdsa.c:235
	ssh-ecdsa.c:293
	ssh-ecdsa.c:294
	ssh-ecdsa.c:301
	sshbuf-misc.c:40
	sshbuf-misc.c:42
	sshbuf-misc.c:76
	sshbuf-misc.c:96
	sshbuf-misc.c:151
	sshbuf-misc.c:177
	sshbuf-misc.c:218
	sshbuf-misc.c:238
	sshbuf-misc.c:239
	sshbuf-misc.c:253
	sshbuf-misc.c:254
	sshbuf-misc.c:254
	sshbuf-misc.c:275
	sshbuf-misc.c:275
	sshbuf-misc.c:278
	sshbuf-misc.c:306
	kexgexs.c:137
	sshbuf-io.c:37
	misc.h:80
	misc.h:96
	misc.h:164
	misc.h:171
	misc.h:172
	misc.h:176
	misc.h:181
	misc.h:183
	misc.h:195
	misc.h:197
	regress/mkdtemp.c:52
	regress/modpipe.c:86
	regress/netcat.c:144
	regress/netcat.c:145
	regress/netcat.c:788
	regress/netcat.c:790
	regress/netcat.c:964
	regress/netcat.c:985
	regress/netcat.c:987
	regress/netcat.c:1436
	regress/netcat.c:1438
	regress/netcat.c:1477
	regress/netcat.c:1479
	regress/netcat.c:1628
	regress/netcat.c:1633
	regress/netcat.c:1642
	regress/netcat.c:1648
	regress/netcat.c:1651
	regress/check-perm.c:95
	regress/unittests/bitmap/tests.c:34
	regress/unittests/authopt/tests.c:69
	regress/unittests/authopt/tests.c:72
	regress/unittests/authopt/tests.c:92
	regress/unittests/sshbuf/test_sshbuf_misc.c:31
	regress/unittests/sshbuf/test_sshbuf.c:36
	regress/unittests/sshbuf/test_sshbuf_getput_crypto.c:51
	regress/unittests/sshbuf/test_sshbuf_fixed.c:35
	regress/unittests/sshbuf/test_sshbuf_getput_fuzz.c:33
	regress/unittests/sshbuf/test_sshbuf_getput_fuzz.c:43
	regress/unittests/sshbuf/test_sshbuf_getput_basic.c:36
	regress/unittests/sshbuf/test_sshbuf_fuzz.c:32
	regress/unittests/sshkey/test_sshkey.c:62
	regress/unittests/sshkey/test_sshkey.c:119
	regress/unittests/sshkey/test_sshkey.c:121
	regress/unittests/sshkey/test_sshkey.c:137
	regress/unittests/sshkey/test_sshkey.c:139
	regress/unittests/sshkey/test_sshkey.c:155
	regress/unittests/sshkey/test_fuzz.c:82
	regress/unittests/test_helper/test_helper.h:45
	regress/unittests/test_helper/test_helper.h:65
	regress/unittests/test_helper/test_helper.h:68
	regress/unittests/test_helper/test_helper.h:74
	regress/unittests/test_helper/test_helper.h:74
	regress/unittests/test_helper/test_helper.h:301
	regress/unittests/test_helper/test_helper.h:320
	regress/unittests/test_helper/fuzz.c:68
	regress/unittests/test_helper/fuzz.c:74
	regress/unittests/test_helper/fuzz.c:103
	regress/unittests/test_helper/fuzz.c:158
	regress/unittests/test_helper/fuzz.c:160
	regress/unittests/test_helper/fuzz.c:215
	regress/unittests/test_helper/fuzz.c:397
	regress/unittests/test_helper/test_helper.c:230
	regress/unittests/test_helper/test_helper.c:386
	regress/unittests/test_helper/test_helper.c:389
	regress/unittests/test_helper/test_helper.c:404
	regress/unittests/test_helper/test_helper.c:429
	regress/unittests/test_helper/test_helper.c:429
	regress/unittests/test_helper/test_helper.c:431
	regress/unittests/test_helper/test_helper.c:444
	regress/unittests/test_helper/test_helper.c:446
	regress/unittests/test_helper/test_helper.c:482
	regress/unittests/test_helper/test_helper.c:482
	regress/unittests/kex/test_kex.c:33
	regress/unittests/kex/test_proposal.c:40
	regress/unittests/hostkeys/test_iterate.c:38
	regress/unittests/hostkeys/test_iterate.c:39
	regress/unittests/hostkeys/test_iterate.c:147
	regress/unittests/hostkeys/test_iterate.c:149
	regress/unittests/hostkeys/test_iterate.c:173
	regress/unittests/hostkeys/test_iterate.c:175
	regress/misc/fuzz-harness/sshsig_fuzz.cc:18
	regress/misc/fuzz-harness/sig_fuzz.cc:25
	regress/misc/fuzz-harness/sig_fuzz.cc:39
	regress/misc/fuzz-harness/agent_fuzz.cc:7
	regress/misc/fuzz-harness/agent_fuzz.cc:9
	regress/misc/fuzz-harness/authkeys_fuzz.cc:30
	regress/misc/fuzz-harness/ssh-sk-null.cc:38
	regress/misc/fuzz-harness/ssh-sk-null.cc:38
	regress/misc/fuzz-harness/ssh-sk-null.cc:47
	regress/misc/fuzz-harness/privkey_fuzz.cc:10
	regress/misc/fuzz-harness/authopt_fuzz.cc:11
	regress/misc/fuzz-harness/sshsigopt_fuzz.cc:11
	regress/misc/fuzz-harness/agent_fuzz_helper.c:7
	regress/misc/fuzz-harness/agent_fuzz_helper.c:152
	regress/misc/fuzz-harness/agent_fuzz_helper.c:155
	regress/misc/fuzz-harness/pubkey_fuzz.cc:9
	regress/misc/fuzz-harness/kex_fuzz.cc:30
	regress/misc/fuzz-harness/kex_fuzz.cc:42
	regress/misc/fuzz-harness/kex_fuzz.cc:45
	regress/misc/fuzz-harness/kex_fuzz.cc:79
	regress/misc/fuzz-harness/kex_fuzz.cc:128
	regress/misc/fuzz-harness/kex_fuzz.cc:131
	regress/misc/fuzz-harness/kex_fuzz.cc:159
	regress/misc/fuzz-harness/kex_fuzz.cc:168
	regress/misc/fuzz-harness/kex_fuzz.cc:417
	regress/misc/sk-dummy/sk-dummy.c:160
	regress/misc/sk-dummy/sk-dummy.c:227
	regress/misc/sk-dummy/sk-dummy.c:243
	regress/misc/sk-dummy/sk-dummy.c:299
	regress/misc/sk-dummy/sk-dummy.c:303
	regress/misc/sk-dummy/sk-dummy.c:317
	regress/misc/sk-dummy/sk-dummy.c:319
	regress/misc/sk-dummy/sk-dummy.c:413
	regress/misc/sk-dummy/sk-dummy.c:415
	regress/misc/sk-dummy/sk-dummy.c:418
	regress/misc/sk-dummy/sk-dummy.c:470
	regress/misc/sk-dummy/sk-dummy.c:491
	regress/misc/sk-dummy/sk-dummy.c:492
	regress/misc/sk-dummy/sk-dummy.c:549
	contrib/gnome-ssh-askpass2.c:113
	contrib/gnome-ssh-askpass3.c:97
	openbsd-compat/md5.c:69
	openbsd-compat/md5.c:71
	openbsd-compat/md5.c:74
	openbsd-compat/md5.c:110
	openbsd-compat/getcwd.c:51
	openbsd-compat/getcwd.c:62
	openbsd-compat/getcwd.c:193
	openbsd-compat/basename.c:30
	openbsd-compat/libressl-api-compat.c:339
	openbsd-compat/libressl-api-compat.c:345
	openbsd-compat/libressl-api-compat.c:368
	openbsd-compat/libressl-api-compat.c:374
	openbsd-compat/glob.h:57
	openbsd-compat/glob.h:58
	openbsd-compat/glob.h:59
	openbsd-compat/getopt_long.c:194
	openbsd-compat/vis.c:174
	openbsd-compat/vis.c:236
	openbsd-compat/recallocarray.c:38
	openbsd-compat/recallocarray.c:38
	openbsd-compat/recallocarray.c:38
	openbsd-compat/recallocarray.c:40
	openbsd-compat/recallocarray.c:65
	openbsd-compat/recallocarray.c:67
	openbsd-compat/getrrsetbyname-ldns.c:71
	openbsd-compat/getrrsetbyname-ldns.c:213
	openbsd-compat/md5.h:31
	openbsd-compat/md5.h:45
	openbsd-compat/strlcpy.c:32
	openbsd-compat/strlcpy.c:33
	openbsd-compat/strlcpy.c:37
	openbsd-compat/glob.c:145
	openbsd-compat/glob.c:146
	openbsd-compat/glob.c:147
	openbsd-compat/glob.c:157
	openbsd-compat/glob.c:161
	openbsd-compat/glob.c:172
	openbsd-compat/glob.c:366
	openbsd-compat/glob.c:426
	openbsd-compat/glob.c:447
	openbsd-compat/glob.c:452
	openbsd-compat/glob.c:479
	openbsd-compat/glob.c:573
	openbsd-compat/glob.c:574
	openbsd-compat/glob.c:575
	openbsd-compat/glob.c:804
	openbsd-compat/glob.c:872
	openbsd-compat/glob.c:977
	openbsd-compat/glob.c:1049
	openbsd-compat/sha2.c:523
	openbsd-compat/sha2.c:804
	openbsd-compat/sha2.c:806
	openbsd-compat/sha2.c:940
	openbsd-compat/readpassphrase.c:54
	openbsd-compat/openbsd-compat.h:74
	openbsd-compat/openbsd-compat.h:82
	openbsd-compat/openbsd-compat.h:90
	openbsd-compat/openbsd-compat.h:90
	openbsd-compat/openbsd-compat.h:94
	openbsd-compat/openbsd-compat.h:94
	openbsd-compat/openbsd-compat.h:98
	openbsd-compat/openbsd-compat.h:98
	openbsd-compat/openbsd-compat.h:98
	openbsd-compat/openbsd-compat.h:106
	openbsd-compat/openbsd-compat.h:106
	openbsd-compat/openbsd-compat.h:110
	openbsd-compat/openbsd-compat.h:110
	openbsd-compat/openbsd-compat.h:118
	openbsd-compat/openbsd-compat.h:118
	openbsd-compat/openbsd-compat.h:122
	openbsd-compat/openbsd-compat.h:225
	openbsd-compat/openbsd-compat.h:246
	openbsd-compat/openbsd-compat.h:283
	openbsd-compat/openbsd-compat.h:312
	openbsd-compat/openbsd-compat.h:324
	openbsd-compat/openbsd-compat.h:328
	openbsd-compat/openbsd-compat.h:328
	openbsd-compat/openbsd-compat.h:329
	openbsd-compat/openbsd-compat.h:333
	openbsd-compat/openbsd-compat.h:337
	openbsd-compat/readpassphrase.h:40
	openbsd-compat/timingsafe_bcmp.c:24
	openbsd-compat/bsd-closefrom.c:139
	openbsd-compat/port-net.h:31
	openbsd-compat/bsd-snprintf.c:170
	openbsd-compat/bsd-snprintf.c:172
	openbsd-compat/bsd-snprintf.c:172
	openbsd-compat/bsd-snprintf.c:174
	openbsd-compat/bsd-snprintf.c:174
	openbsd-compat/bsd-snprintf.c:176
	openbsd-compat/bsd-snprintf.c:176
	openbsd-compat/bsd-snprintf.c:180
	openbsd-compat/bsd-snprintf.c:191
	openbsd-compat/bsd-snprintf.c:334
	openbsd-compat/bsd-snprintf.c:354
	openbsd-compat/bsd-snprintf.c:376
	openbsd-compat/bsd-snprintf.c:502
	openbsd-compat/bsd-snprintf.c:502
	openbsd-compat/bsd-snprintf.c:543
	openbsd-compat/bsd-snprintf.c:543
	openbsd-compat/bsd-snprintf.c:703
	openbsd-compat/bsd-snprintf.c:703
	openbsd-compat/bsd-snprintf.c:862
	openbsd-compat/bsd-snprintf.c:870
	openbsd-compat/bsd-snprintf.c:872
	openbsd-compat/strptime.c:71
	openbsd-compat/strcasestr.c:52
	openbsd-compat/bsd-getentropy.c:42
	openbsd-compat/bsd-getentropy.c:51
	openbsd-compat/bsd-getentropy.c:58
	openbsd-compat/bsd-misc.c:322
	openbsd-compat/bsd-misc.c:368
	openbsd-compat/bsd-misc.c:392
	openbsd-compat/openssl-compat.h:95
	openbsd-compat/openssl-compat.h:101
	openbsd-compat/freezero.c:25
	openbsd-compat/base64.c:133
	openbsd-compat/base64.c:133
	openbsd-compat/base64.c:135
	openbsd-compat/base64.c:196
	openbsd-compat/sha2.h:79
	openbsd-compat/sha2.h:90
	openbsd-compat/sha2.h:98
	openbsd-compat/sha2.h:109
	openbsd-compat/sha2.h:117
	openbsd-compat/sha2.h:128
	openbsd-compat/sha2.h:136
	openbsd-compat/sha2.h:147
	openbsd-compat/sha2.h:155
	openbsd-compat/sha2.h:166
	openbsd-compat/bsd-cygwin_util.c:85
	openbsd-compat/bsd-cygwin_util.c:194
	openbsd-compat/bsd-cygwin_util.c:197
	openbsd-compat/bsd-cygwin_util.c:201
	openbsd-compat/port-net.c:312
	openbsd-compat/port-net.c:354
	openbsd-compat/fnmatch.c:110
	openbsd-compat/fnmatch.c:123
	openbsd-compat/sha1.c:129
	openbsd-compat/sha1.c:131
	openbsd-compat/sha1.c:133
	openbsd-compat/setproctitle.c:63
	openbsd-compat/setproctitle.c:129
	openbsd-compat/setproctitle.c:151
	openbsd-compat/reallocarray.c:37
	openbsd-compat/reallocarray.c:37
	openbsd-compat/inet_ntop.c:47
	openbsd-compat/inet_ntop.c:48
	openbsd-compat/inet_ntop.c:63
	openbsd-compat/inet_ntop.c:65
	openbsd-compat/inet_ntop.c:85
	openbsd-compat/inet_ntop.c:107
	openbsd-compat/inet_ntop.c:179
	openbsd-compat/inet_ntop.c:202
	openbsd-compat/bcrypt_pbkdf.c:81
	openbsd-compat/bcrypt_pbkdf.c:114
	openbsd-compat/bcrypt_pbkdf.c:114
	openbsd-compat/bcrypt_pbkdf.c:115
	openbsd-compat/bcrypt_pbkdf.c:122
	openbsd-compat/bcrypt_pbkdf.c:124
	openbsd-compat/bcrypt_pbkdf.c:168
	openbsd-compat/port-aix.c:79
	openbsd-compat/port-aix.c:419
	openbsd-compat/port-aix.c:420
	openbsd-compat/port-aix.c:420
	openbsd-compat/dirname.c:31
	openbsd-compat/port-aix.h:112
	openbsd-compat/port-aix.h:112
	openbsd-compat/port-aix.h:113
	openbsd-compat/bsd-misc.h:23
	openbsd-compat/bsd-misc.h:166
	openbsd-compat/fake-rfc2553.c:47
	openbsd-compat/fake-rfc2553.c:48
	openbsd-compat/fake-rfc2553.c:48
	openbsd-compat/mktemp.c:76
	openbsd-compat/mktemp.c:80
	openbsd-compat/port-prngd.c:130
	openbsd-compat/port-prngd.c:151
	openbsd-compat/memmem.c:38
	openbsd-compat/memmem.c:47
	openbsd-compat/memmem.c:57
	openbsd-compat/memmem.c:73
	openbsd-compat/memmem.c:73
	openbsd-compat/memmem.c:73
	openbsd-compat/memmem.c:81
	openbsd-compat/memmem.c:83
	openbsd-compat/memmem.c:84
	openbsd-compat/memmem.c:84
	openbsd-compat/memmem.c:85
	openbsd-compat/memmem.c:174
	openbsd-compat/memmem.c:174
	openbsd-compat/fake-rfc2553.h:143
	openbsd-compat/fake-rfc2553.h:171
	openbsd-compat/fake-rfc2553.h:171
	openbsd-compat/fake-rfc2553.h:172
	openbsd-compat/base64.h:50
	openbsd-compat/base64.h:51
	openbsd-compat/base64.h:58
	openbsd-compat/strndup.c:28
	openbsd-compat/strndup.c:31
	openbsd-compat/bsd-getline.c:50
	openbsd-compat/bsd-getline.c:80
	openbsd-compat/bsd-getline.c:93
	openbsd-compat/bsd-getline.c:106
	openbsd-compat/bsd-malloc.c:27
	openbsd-compat/bsd-malloc.c:37
	openbsd-compat/bsd-malloc.c:37
	openbsd-compat/bsd-malloc.c:49
	openbsd-compat/xcrypt.c:75
	openbsd-compat/vis.h:87
	openbsd-compat/vis.h:89
	openbsd-compat/vis.h:93
	openbsd-compat/explicit_bzero.c:21
	openbsd-compat/explicit_bzero.c:29
	openbsd-compat/explicit_bzero.c:42
	openbsd-compat/explicit_bzero.c:45
	openbsd-compat/strnlen.c:27
	openbsd-compat/strnlen.c:28
	openbsd-compat/strnlen.c:35
	openbsd-compat/bsd-asprintf.c:46
	openbsd-compat/bsd-asprintf.c:59
	openbsd-compat/bsd-asprintf.c:67
	openbsd-compat/arc4random.c:51
	openbsd-compat/arc4random.c:79
	openbsd-compat/arc4random.c:80
	openbsd-compat/arc4random.c:93
	openbsd-compat/arc4random.c:96
	openbsd-compat/arc4random.c:136
	openbsd-compat/arc4random.c:148
	openbsd-compat/arc4random.c:158
	openbsd-compat/arc4random.c:171
	openbsd-compat/arc4random.c:175
	openbsd-compat/arc4random.c:226
	openbsd-compat/arc4random.c:239
	openbsd-compat/arc4random.c:241
	openbsd-compat/strlcat.c:34
	openbsd-compat/strlcat.c:35
	openbsd-compat/strlcat.c:39
	openbsd-compat/strlcat.c:40
	openbsd-compat/setenv.c:89
	openbsd-compat/setenv.c:168
	openbsd-compat/setenv.c:183
	openbsd-compat/sha1.h:29
	openbsd-compat/sha1.h:39
	openbsd-compat/regress/snprintftest.c:37
	openbsd-compat/regress/snprintftest.c:39
autoscan: warning: missing AC_TYPE_SSIZE_T wanted by: 
	defines.h:361
	ssh-pkcs11-helper.c:323
	readpass.c:87
	ssh-agent.c:1764
	ssh-agent.c:1791
	monitor_fdpass.c:65
	monitor_fdpass.c:124
	mux.c:1449
	sshsig.c:493
	atomicio.c:56
	atomicio.c:110
	sftp-server.c:428
	sftp-server.c:435
	sftp-server.c:1905
	channels.c:2053
	channels.c:2229
	channels.c:2258
	channels.c:2342
	channels.c:2401
	sshbuf-misc.c:279
	cipher-aesctr.c:35
	regress/modpipe.c:87
	regress/netcat.c:144
	regress/netcat.c:145
	regress/netcat.c:792
	regress/netcat.c:963
	regress/netcat.c:966
	regress/netcat.c:967
	regress/netcat.c:984
	regress/netcat.c:988
	regress/netcat.c:1019
	openbsd-compat/readpassphrase.c:56
	openbsd-compat/openbsd-compat.h:74
	openbsd-compat/bsd-snprintf.c:316
	openbsd-compat/bsd-snprintf.c:454
	openbsd-compat/bsd-snprintf.c:455
	openbsd-compat/bsd-snprintf.c:456
	openbsd-compat/bsd-getentropy.c:50
	openbsd-compat/bsd-getline.c:49
	openbsd-compat/bsd-getline.c:65
	openbsd-compat/bsd-getline.c:65
	openbsd-compat/bsd-getline.c:81
	openbsd-compat/bsd-getline.c:92
	openbsd-compat/bsd-getline.c:105
	openbsd-compat/vis.h:93
autoscan: warning: missing AC_TYPE_UID_T wanted by: 
	sftp-usergroup.c:200
	groupaccess.h:30
	uidswap.c:46
	uidswap.c:53
	uidswap.c:91
	uidswap.c:110
	uidswap.c:185
	defines.h:760
	sshd.c:433
	auth.c:629
	ssh-agent.c:1736
	groupaccess.c:50
	groupaccess.c:52
	sshpty.c:90
	sshpty.c:169
	sftp-server.c:1754
	channels.c:2435
	audit-bsm.c:88
	audit-bsm.c:89
	audit-bsm.c:259
	openbsd-compat/getgrouplist.c:46
	openbsd-compat/getgrouplist.c:46
	openbsd-compat/openbsd-compat.h:186
	openbsd-compat/openbsd-compat.h:186
	openbsd-compat/openbsd-compat.h:217
	openbsd-compat/openbsd-compat.h:320
	openbsd-compat/bsd-misc.c:168
	openbsd-compat/bsd-setres_id.c:29
	openbsd-compat/bsd-setres_id.c:29
	openbsd-compat/bsd-setres_id.c:29
	openbsd-compat/bsd-getpeereid.c:28
	openbsd-compat/bsd-getpeereid.c:47
	openbsd-compat/bsd-getpeereid.c:64
	openbsd-compat/port-aix.c:443
	openbsd-compat/port-aix.c:443
	openbsd-compat/port-aix.c:446
	openbsd-compat/port-aix.c:471
	openbsd-compat/pwcache.c:83
	openbsd-compat/pwcache.c:86
	openbsd-compat/port-aix.h:124
	openbsd-compat/port-aix.h:124
	openbsd-compat/bsd-misc.h:77
	openbsd-compat/bsd-setres_id.h:18
	openbsd-compat/bsd-setres_id.h:18
	openbsd-compat/bsd-setres_id.h:18
	session.c:909
	session.c:1307
	sftp-usergroup.c:196
	sftp-usergroup.c:229
	sftp-usergroup.c:235
	loginrec.h:69
	loginrec.h:122
	loginrec.h:124
	platform.h:32
	uidswap.c:45
	uidswap.c:52
	uidswap.c:184
	defines.h:759
	auth.c:628
	serverloop.c:106
	sftp-usergroup.h:24
	sftp-usergroup.h:25
	misc.c:1135
	misc.c:1203
	misc.c:2178
	ssh-agent.c:1735
	sshlogin.c:76
	sshlogin.c:91
	sshlogin.c:137
	scp.c:444
	sshpty.c:90
	platform-misc.c:26
	loginrec.c:279
	loginrec.c:303
	sftp-server.c:1744
	sshlogin.h:15
	sshlogin.h:18
	channels.c:2434
	audit-bsm.c:86
	audit-bsm.c:87
	audit-bsm.c:235
	audit-bsm.c:258
	misc.h:74
	misc.h:75
	misc.h:194
	regress/check-perm.c:35
	regress/check-perm.c:81
	regress/check-perm.c:95
	openbsd-compat/openbsd-compat.h:217
	openbsd-compat/openbsd-compat.h:316
	openbsd-compat/bsd-misc.c:83
	openbsd-compat/bsd-misc.c:90
	openbsd-compat/bsd-misc.c:168
	openbsd-compat/bsd-setres_id.c:64
	openbsd-compat/bsd-setres_id.c:64
	openbsd-compat/bsd-setres_id.c:64
	openbsd-compat/bsd-getpeereid.c:28
	openbsd-compat/bsd-getpeereid.c:47
	openbsd-compat/bsd-getpeereid.c:64
	openbsd-compat/port-aix.c:303
	openbsd-compat/pwcache.c:48
	openbsd-compat/pwcache.c:51
	openbsd-compat/port-aix.h:96
	openbsd-compat/bsd-misc.h:42
	openbsd-compat/bsd-misc.h:46
	openbsd-compat/bsd-misc.h:77
	openbsd-compat/bsd-setres_id.h:21
	openbsd-compat/bsd-setres_id.h:21
	openbsd-compat/bsd-setres_id.h:21
autoscan: warning: missing AC_TYPE_UINT16_T wanted by: 
	xmss_fast.c:556
	defines.h:240
	defines.h:296
	crypto_api.h:21
	kexsm2.c:27
	kexsm2.c:59
	openbsd-compat/bcrypt_pbkdf.c:80
	openbsd-compat/memmem.c:40
autoscan: warning: missing AC_TYPE_UINT32_T wanted by: 
	xmss_fast.c:36
	xmss_fast.c:111
	xmss_fast.c:115
	xmss_fast.c:116
	xmss_fast.c:117
	xmss_fast.c:152
	xmss_fast.c:152
	xmss_fast.c:178
	xmss_fast.c:185
	xmss_fast.c:186
	xmss_fast.c:187
	xmss_fast.c:197
	xmss_fast.c:249
	xmss_fast.c:252
	xmss_fast.c:253
	xmss_fast.c:254
	xmss_fast.c:296
	xmss_fast.c:300
	xmss_fast.c:345
	xmss_fast.c:346
	xmss_fast.c:383
	xmss_fast.c:384
	xmss_fast.c:385
	xmss_fast.c:386
	xmss_fast.c:446
	xmss_fast.c:458
	xmss_fast.c:459
	xmss_fast.c:460
	xmss_fast.c:535
	xmss_fast.c:585
	xmss_fast.c:679
	xmss_fast.c:680
	xmss_fast.c:681
	xmss_fast.c:765
	xmss_fast.c:796
	xmss_fast.c:809
	xmss_fast.c:810
	xmss_fast.c:977
	xmss_fast.c:991
	xmss_fast.c:992
	xmss_fast.c:993
	defines.h:241
	defines.h:297
	sshkey.h:165
	addr.c:308
	xmss_commons.c:19
	xmss_hash.h:15
	xmss_hash.h:18
	xmss_hash.h:19
	xmss_wots.c:25
	xmss_wots.c:56
	xmss_wots.c:71
	xmss_wots.c:73
	xmss_wots.c:92
	xmss_wots.c:108
	xmss_wots.c:110
	xmss_wots.c:119
	xmss_wots.c:123
	xmss_wots.c:158
	xmss_wots.c:161
	sandbox-seccomp-filter.c:114
	sandbox-seccomp-filter.c:131
	sandbox-seccomp-filter.c:149
	sandbox-seccomp-filter.c:173
	sandbox-seccomp-filter.c:176
	sk-api.h:59
	sk-api.h:67
	sk-api.h:86
	sk-api.h:89
	sk-api.h:94
	poly1305.c:20
	poly1305.c:21
	poly1305.c:22
	poly1305.c:23
	poly1305.c:35
	poly1305.c:36
	poly1305.c:37
	poly1305.c:38
	poly1305.c:39
	poly1305.c:43
	poly1305.c:97
	poly1305.c:98
	poly1305.c:98
	poly1305.c:99
	poly1305.c:99
	poly1305.c:100
	poly1305.c:100
	poly1305.c:101
	poly1305.c:101
	sk-usbhid.c:125
	sk-usbhid.c:128
	sk-usbhid.c:133
	sk-usbhid.c:171
	sk-usbhid.c:713
	sk-usbhid.c:839
	sk-usbhid.c:1110
	sk-usbhid.c:1153
	crypto_api.h:23
	ssh-sk-helper.c:96
	ssh-sk.c:110
	channels.h:129
	xmss_commons.h:17
	xmss_hash.c:26
	xmss_hash.c:91
	xmss_hash.c:116
	sshsig.c:229
	xmss_wots.h:23
	xmss_wots.h:24
	xmss_wots.h:25
	xmss_wots.h:26
	xmss_wots.h:27
	xmss_wots.h:28
	xmss_wots.h:29
	xmss_wots.h:49
	xmss_wots.h:55
	xmss_wots.h:61
	xmss_hash_address.h:14
	xmss_hash_address.h:14
	xmss_hash_address.h:16
	xmss_hash_address.h:18
	xmss_hash_address.h:18
	xmss_hash_address.h:20
	xmss_hash_address.h:20
	xmss_hash_address.h:24
	xmss_hash_address.h:24
	xmss_hash_address.h:26
	xmss_hash_address.h:26
	xmss_hash_address.h:28
	xmss_hash_address.h:28
	xmss_hash_address.h:32
	xmss_hash_address.h:32
	xmss_hash_address.h:36
	xmss_hash_address.h:36
	xmss_hash_address.h:38
	xmss_hash_address.h:38
	xmss_hash_address.c:16
	xmss_hash_address.c:16
	xmss_hash_address.c:20
	xmss_hash_address.c:21
	xmss_hash_address.c:22
	xmss_hash_address.c:25
	xmss_hash_address.c:25
	xmss_hash_address.c:33
	xmss_hash_address.c:33
	xmss_hash_address.c:39
	xmss_hash_address.c:39
	xmss_hash_address.c:43
	xmss_hash_address.c:43
	xmss_hash_address.c:47
	xmss_hash_address.c:47
	xmss_hash_address.c:53
	xmss_hash_address.c:53
	xmss_hash_address.c:59
	xmss_hash_address.c:59
	xmss_hash_address.c:63
	xmss_hash_address.c:63
	regress/misc/sk-dummy/sk-dummy.c:93
	regress/misc/sk-dummy/sk-dummy.c:243
	regress/misc/sk-dummy/sk-dummy.c:318
	regress/misc/sk-dummy/sk-dummy.c:414
	regress/misc/sk-dummy/sk-dummy.c:491
	openbsd-compat/openbsd-compat.h:221
	openbsd-compat/openbsd-compat.h:233
	openbsd-compat/openbsd-compat.h:233
	openbsd-compat/arc4random_uniform.c:39
	openbsd-compat/arc4random_uniform.c:40
	openbsd-compat/arc4random_uniform.c:42
	openbsd-compat/bcrypt_pbkdf.c:78
	openbsd-compat/bcrypt_pbkdf.c:123
	openbsd-compat/memmem.c:49
	openbsd-compat/memmem.c:50
	openbsd-compat/memmem.c:59
	openbsd-compat/memmem.c:60
	openbsd-compat/arc4random.c:114
	openbsd-compat/arc4random.c:195
	openbsd-compat/arc4random.c:208
	openbsd-compat/arc4random.c:211
autoscan: warning: missing AC_TYPE_UINT64_T wanted by: 
	sftp-client.c:128
	xmss_fast.c:795
	xmss_fast.c:797
	xmss_fast.c:976
	sshsig.h:89
	sshsig.h:105
	defines.h:298
	sshkey.h:240
	auth2-pubkeyfile.c:67
	sandbox-seccomp-filter.c:114
	sandbox-seccomp-filter.c:131
	sandbox-seccomp-filter.c:149
	sandbox-seccomp-filter.c:173
	sandbox-seccomp-filter.c:176
	poly1305.c:41
	poly1305.c:42
	poly1305.c:44
	poly1305.c:84
	poly1305.c:85
	poly1305.c:86
	poly1305.c:121
	poly1305.c:122
	poly1305.c:123
	poly1305.c:151
	poly1305.c:152
	poly1305.c:153
	poly1305.c:154
	ssh-keygen.c:1942
	ssh-keygen.c:1953
	ssh-keygen.c:2668
	ssh-keygen.c:2703
	ssh-keygen.c:2802
	ssh-keygen.c:2891
	misc.c:2397
	misc.c:2451
	misc.c:2456
	crypto_api.h:25
	auth-options.c:326
	sshkey.c:2317
	sshkey.c:2387
	sshsig.c:620
	sshsig.c:823
	sshsig.c:880
	sshsig.c:940
	sshsig.c:942
	sshsig.c:951
	sshsig.c:974
	sshsig.c:1015
	auth-options.h:47
	sftp-server.c:1521
	xmss_hash_address.h:16
	xmss_hash_address.c:20
	misc.h:95
	misc.h:96
	regress/unittests/misc/test_convtime.c:31
autoscan: warning: missing AC_TYPE_UINT8_T wanted by: 
	defines.h:239
	defines.h:295
	sshkey.h:148
	sshkey.h:166
	sk-api.h:44
	sk-api.h:45
	sk-api.h:47
	sk-api.h:49
	sk-api.h:51
	sk-api.h:53
	sk-api.h:58
	sk-api.h:60
	sk-api.h:62
	sk-api.h:71
	sk-api.h:72
	sk-api.h:79
	sk-api.h:89
	sk-api.h:90
	sk-api.h:94
	sk-api.h:95
	sk-api.h:96
	poly1305.c:27
	poly1305.c:28
	poly1305.c:29
	poly1305.c:30
	sk-usbhid.c:128
	sk-usbhid.c:129
	sk-usbhid.c:133
	sk-usbhid.c:134
	sk-usbhid.c:135
	sk-usbhid.c:335
	sk-usbhid.c:346
	sk-usbhid.c:367
	sk-usbhid.c:395
	sk-usbhid.c:399
	sk-usbhid.c:482
	sk-usbhid.c:566
	sk-usbhid.c:613
	sk-usbhid.c:684
	sk-usbhid.c:746
	sk-usbhid.c:780
	sk-usbhid.c:784
	sk-usbhid.c:839
	sk-usbhid.c:840
	sk-usbhid.c:844
	sk-usbhid.c:845
	sk-usbhid.c:1153
	sk-usbhid.c:1155
	sk-usbhid.c:1156
	ssh-keygen.c:3117
	ssh-keygen.c:3354
	crypto_api.h:19
	ssh-sk-helper.c:154
	ssh-sk-helper.c:281
	ssh-sk.h:36
	ssh-sk.h:51
	ssh-sk.c:65
	ssh-sk.c:66
	ssh-sk.c:71
	ssh-sk.c:73
	ssh-sk.c:74
	ssh-sk.c:83
	ssh-sk.c:84
	ssh-sk.c:87
	ssh-sk.c:89
	ssh-sk.c:90
	ssh-sk.c:291
	ssh-sk.c:382
	ssh-sk.c:462
	ssh-sk.c:794
	kexsm2.c:8
	kexsm2.c:10
	kexsm2.c:26
	kexsm2.c:28
	kexsm2.c:177
	kexsm2.c:177
	kexsm2.c:339
	kexsm2.c:348
	kexsm2.c:357
	ssh-sk-client.c:295
	ssh-ecdsa-sk.c:172
	regress/misc/fuzz-harness/sshsig_fuzz.cc:18
	regress/misc/fuzz-harness/sig_fuzz.cc:25
	regress/misc/fuzz-harness/agent_fuzz.cc:7
	regress/misc/fuzz-harness/agent_fuzz.cc:9
	regress/misc/fuzz-harness/authkeys_fuzz.cc:30
	regress/misc/fuzz-harness/ssh-sk-null.cc:29
	regress/misc/fuzz-harness/privkey_fuzz.cc:10
	regress/misc/fuzz-harness/authopt_fuzz.cc:11
	regress/misc/fuzz-harness/sshsigopt_fuzz.cc:11
	regress/misc/fuzz-harness/agent_fuzz_helper.c:7
	regress/misc/fuzz-harness/agent_fuzz_helper.c:152
	regress/misc/fuzz-harness/pubkey_fuzz.cc:9
	regress/misc/fuzz-harness/kex_fuzz.cc:417
	regress/misc/sk-dummy/sk-dummy.c:243
	regress/misc/sk-dummy/sk-dummy.c:244
	regress/misc/sk-dummy/sk-dummy.c:317
	regress/misc/sk-dummy/sk-dummy.c:318
	regress/misc/sk-dummy/sk-dummy.c:319
	regress/misc/sk-dummy/sk-dummy.c:330
	regress/misc/sk-dummy/sk-dummy.c:331
	regress/misc/sk-dummy/sk-dummy.c:332
	regress/misc/sk-dummy/sk-dummy.c:413
	regress/misc/sk-dummy/sk-dummy.c:414
	regress/misc/sk-dummy/sk-dummy.c:415
	regress/misc/sk-dummy/sk-dummy.c:421
	regress/misc/sk-dummy/sk-dummy.c:422
	regress/misc/sk-dummy/sk-dummy.c:424
	regress/misc/sk-dummy/sk-dummy.c:491
	regress/misc/sk-dummy/sk-dummy.c:492
	regress/misc/sk-dummy/sk-dummy.c:493
	regress/misc/sk-dummy/sk-dummy.c:499
	openbsd-compat/openbsd-compat.h:328
	openbsd-compat/openbsd-compat.h:329
	openbsd-compat/bcrypt_pbkdf.c:73
	openbsd-compat/bcrypt_pbkdf.c:73
	openbsd-compat/bcrypt_pbkdf.c:73
	openbsd-compat/bcrypt_pbkdf.c:76
	openbsd-compat/bcrypt_pbkdf.c:114
	openbsd-compat/bcrypt_pbkdf.c:115
	openbsd-compat/bcrypt_pbkdf.c:117
	openbsd-compat/bcrypt_pbkdf.c:118
	openbsd-compat/bcrypt_pbkdf.c:119
	openbsd-compat/bcrypt_pbkdf.c:120
	openbsd-compat/bcrypt_pbkdf.c:121
	openbsd-compat/arc4random.c:130
	openbsd-compat/arc4random.c:131
